#
# There is insufficient memory for the Java Runtime Environment to continue.
# Native memory allocation (mmap) failed to map 14680064 bytes for G1 virtual space
# Possible reasons:
#   The system is out of physical RAM or swap space
#   The process is running with CompressedOops enabled, and the Java Heap may be blocking the growth of the native heap
# Possible solutions:
#   Reduce memory load on the system
#   Increase physical memory or swap space
#   Check if swap backing store is full
#   Decrease Java heap size (-Xmx/-Xms)
#   Decrease number of Java threads
#   Decrease Java thread stack sizes (-Xss)
#   Set larger code cache with -XX:ReservedCodeCacheSize=
#   JVM is running with Zero Based Compressed Oops mode in which the Java heap is
#     placed in the first 32GB address space. The Java Heap base address is the
#     maximum limit for the native heap growth. Please use -XX:HeapBaseMinAddress
#     to set the Java Heap base and to place the Java Heap above 32GB virtual address.
# This output file may be truncated or incomplete.
#
#  Out of Memory Error (os_windows.cpp:3600), pid=30396, tid=4512
#
# JRE version: OpenJDK Runtime Environment (21.0.2+13) (build 21.0.2+13-58)
# Java VM: OpenJDK 64-Bit Server VM (21.0.2+13-58, mixed mode, emulated-client, sharing, tiered, compressed oops, compressed class ptrs, g1 gc, windows-amd64)
# No core dump will be written. Minidumps are not enabled by default on client versions of Windows
#

---------------  S U M M A R Y ------------

Command Line: -XX:TieredStopAtLevel=1 com.example.gateway.GatewayApplication

Host: 11th Gen Intel(R) Core(TM) i5-11320H @ 3.20GHz, 8 cores, 15G,  Windows 11 , 64 bit Build 26100 (10.0.26100.7309)
Time: Sat Dec 13 13:05:28 2025 SE Asia Standard Time elapsed time: 2937.851500 seconds (0d 0h 48m 57s)

---------------  T H R E A D  ---------------

Current thread (0x000001d7737b3790):  VMThread "VM Thread"          [id=4512, stack(0x0000009708c00000,0x0000009708d00000) (1024K)]

Stack: [0x0000009708c00000,0x0000009708d00000]
Native frames: (J=compiled Java code, j=interpreted, Vv=VM code, C=native code)
V  [jvm.dll+0x6cade9]
V  [jvm.dll+0x8569c1]
V  [jvm.dll+0x858d2e]
V  [jvm.dll+0x859413]
V  [jvm.dll+0x280e56]
V  [jvm.dll+0x6c74d5]
V  [jvm.dll+0x6bbeca]
V  [jvm.dll+0x355bca]
V  [jvm.dll+0x35d816]
V  [jvm.dll+0x3ae67e]
V  [jvm.dll+0x3ae928]
V  [jvm.dll+0x3295dc]
V  [jvm.dll+0x329667]
V  [jvm.dll+0x36df1c]
V  [jvm.dll+0x36c71d]
V  [jvm.dll+0x328d51]
V  [jvm.dll+0x36be2a]
V  [jvm.dll+0x85ef18]
V  [jvm.dll+0x860014]
V  [jvm.dll+0x860550]
V  [jvm.dll+0x8607f3]
V  [jvm.dll+0x7ff568]
V  [jvm.dll+0x6c953d]
C  [ucrtbase.dll+0x37b0]
C  [KERNEL32.DLL+0x2e8d7]
C  [ntdll.dll+0x8c53c]

VM_Operation (0x000000970acfc200): G1CollectForAllocation, mode: safepoint, requested by thread 0x000001d77a0c44e0


---------------  P R O C E S S  ---------------

Threads class SMR info:
_java_thread_list=0x000001d77a52cdf0, length=41, elements={
0x000001d7737d8230, 0x000001d7737dbab0, 0x000001d7737df730, 0x000001d7737e0280,
0x000001d7737e0dd0, 0x000001d7737e1920, 0x000001d7737e2470, 0x000001d773a22a20,
0x000001d773a24810, 0x000001d779730ce0, 0x000001d77921f3b0, 0x000001d779d2cf80,
0x000001d779c2ac20, 0x000001d779cfe700, 0x000001d779fd87e0, 0x000001d779f33020,
0x000001d779cf9390, 0x000001d77a0c1060, 0x000001d77a0c2410, 0x000001d77a0c44e0,
0x000001d77a0c16f0, 0x000001d77a0c1d80, 0x000001d77a0c3130, 0x000001d77a0c37c0,
0x000001d77a0c3e50, 0x000001d77a29a070, 0x000001d77a29ce60, 0x000001d77a29bab0,
0x000001d77a29d4f0, 0x000001d77a29c7d0, 0x000001d77a29c140, 0x000001d77a29db80,
0x000001d77a29ad90, 0x000001d77a29a700, 0x000001d77a29e210, 0x000001d77a29b420,
0x000001d77a2a1000, 0x000001d77a2a02e0, 0x000001d77a29fc50, 0x000001d77a29f5c0,
0x000001d77a2a0970
}

Java Threads: ( => current thread )
  0x000001d7737d8230 JavaThread "Reference Handler"          daemon [_thread_blocked, id=17840, stack(0x0000009708d00000,0x0000009708e00000) (1024K)]
  0x000001d7737dbab0 JavaThread "Finalizer"                  daemon [_thread_blocked, id=28736, stack(0x0000009708e00000,0x0000009708f00000) (1024K)]
  0x000001d7737df730 JavaThread "Signal Dispatcher"          daemon [_thread_blocked, id=31584, stack(0x0000009708f00000,0x0000009709000000) (1024K)]
  0x000001d7737e0280 JavaThread "Attach Listener"            daemon [_thread_blocked, id=2868, stack(0x0000009709000000,0x0000009709100000) (1024K)]
  0x000001d7737e0dd0 JavaThread "Service Thread"             daemon [_thread_blocked, id=8048, stack(0x0000009709100000,0x0000009709200000) (1024K)]
  0x000001d7737e1920 JavaThread "Monitor Deflation Thread"   daemon [_thread_blocked, id=2916, stack(0x0000009709200000,0x0000009709300000) (1024K)]
  0x000001d7737e2470 JavaThread "C1 CompilerThread0"         daemon [_thread_blocked, id=31276, stack(0x0000009709300000,0x0000009709400000) (1024K)]
  0x000001d773a22a20 JavaThread "Notification Thread"        daemon [_thread_blocked, id=12368, stack(0x0000009709400000,0x0000009709500000) (1024K)]
  0x000001d773a24810 JavaThread "Common-Cleaner"             daemon [_thread_blocked, id=7232, stack(0x0000009709500000,0x0000009709600000) (1024K)]
  0x000001d779730ce0 JavaThread "boundedElastic-evictor-1"   daemon [_thread_blocked, id=24008, stack(0x000000970a100000,0x000000970a200000) (1024K)]
  0x000001d77921f3b0 JavaThread "spring.cloud.inetutils"     daemon [_thread_blocked, id=27180, stack(0x000000970a000000,0x000000970a100000) (1024K)]
  0x000001d779d2cf80 JavaThread "spectator-gauge-polling-0"  daemon [_thread_blocked, id=6544, stack(0x000000970a200000,0x000000970a300000) (1024K)]
  0x000001d779c2ac20 JavaThread "AsyncResolver-bootstrap-%d" daemon [_thread_blocked, id=29284, stack(0x000000970a300000,0x000000970a400000) (1024K)]
  0x000001d779cfe700 JavaThread "DiscoveryClient-%d"         daemon [_thread_blocked, id=18448, stack(0x000000970a700000,0x000000970a800000) (1024K)]
  0x000001d779fd87e0 JavaThread "DiscoveryClient-%d"         daemon [_thread_blocked, id=11564, stack(0x000000970a800000,0x000000970a900000) (1024K)]
  0x000001d779f33020 JavaThread "DiscoveryClient-InstanceInfoReplicator-%d" daemon [_thread_blocked, id=28556, stack(0x000000970a900000,0x000000970aa00000) (1024K)]
  0x000001d779cf9390 JavaThread "reactor-http-nio-1"         daemon [_thread_in_native, id=22764, stack(0x000000970aa00000,0x000000970ab00000) (1024K)]
  0x000001d77a0c1060 JavaThread "server"                            [_thread_blocked, id=14832, stack(0x000000970ab00000,0x000000970ac00000) (1024K)]
  0x000001d77a0c2410 JavaThread "DestroyJavaVM"                     [_thread_blocked, id=26480, stack(0x0000009708500000,0x0000009708600000) (1024K)]
  0x000001d77a0c44e0 JavaThread "DiscoveryClient-CacheRefreshExecutor-%d" daemon [_thread_blocked, id=21320, stack(0x000000970ac00000,0x000000970ad00000) (1024K)]
  0x000001d77a0c16f0 JavaThread "DiscoveryClient-HeartbeatExecutor-%d" daemon [_thread_blocked, id=496, stack(0x0000009709600000,0x0000009709700000) (1024K)]
  0x000001d77a0c1d80 JavaThread "reactor-http-nio-2"         daemon [_thread_in_native, id=24304, stack(0x0000009708400000,0x0000009708500000) (1024K)]
  0x000001d77a0c3130 JavaThread "parallel-1"                 daemon [_thread_blocked, id=30684, stack(0x000000970a400000,0x000000970a500000) (1024K)]
  0x000001d77a0c37c0 JavaThread "parallel-2"                 daemon [_thread_blocked, id=23476, stack(0x000000970a500000,0x000000970a600000) (1024K)]
  0x000001d77a0c3e50 JavaThread "pool-4-thread-1"            daemon [_thread_blocked, id=21712, stack(0x000000970ad00000,0x000000970ae00000) (1024K)]
  0x000001d77a29a070 JavaThread "reactor-http-nio-3"         daemon [_thread_in_native, id=21052, stack(0x000000970ae00000,0x000000970af00000) (1024K)]
  0x000001d77a29ce60 JavaThread "reactor-http-nio-4"         daemon [_thread_in_native, id=11216, stack(0x000000970af00000,0x000000970b000000) (1024K)]
  0x000001d77a29bab0 JavaThread "reactor-http-nio-5"         daemon [_thread_in_native, id=27752, stack(0x000000970b000000,0x000000970b100000) (1024K)]
  0x000001d77a29d4f0 JavaThread "reactor-http-nio-6"         daemon [_thread_in_native, id=28908, stack(0x000000970b100000,0x000000970b200000) (1024K)]
  0x000001d77a29c7d0 JavaThread "reactor-http-nio-7"         daemon [_thread_in_native, id=9920, stack(0x000000970b200000,0x000000970b300000) (1024K)]
  0x000001d77a29c140 JavaThread "reactor-http-nio-8"         daemon [_thread_in_native, id=29444, stack(0x000000970b300000,0x000000970b400000) (1024K)]
  0x000001d77a29db80 JavaThread "Jndi-Dns-address-change-listener" daemon [_thread_in_native, id=28584, stack(0x000000970b400000,0x000000970b500000) (1024K)]
  0x000001d77a29ad90 JavaThread "parallel-3"                 daemon [_thread_blocked, id=29932, stack(0x000000970b600000,0x000000970b700000) (1024K)]
  0x000001d77a29a700 JavaThread "parallel-4"                 daemon [_thread_blocked, id=27876, stack(0x000000970ba00000,0x000000970bb00000) (1024K)]
  0x000001d77a29e210 JavaThread "parallel-5"                 daemon [_thread_blocked, id=19288, stack(0x000000970bb00000,0x000000970bc00000) (1024K)]
  0x000001d77a29b420 JavaThread "parallel-6"                 daemon [_thread_blocked, id=8624, stack(0x000000970bd00000,0x000000970be00000) (1024K)]
  0x000001d77a2a1000 JavaThread "parallel-7"                 daemon [_thread_blocked, id=7264, stack(0x000000970bf00000,0x000000970c000000) (1024K)]
  0x000001d77a2a02e0 JavaThread "parallel-8"                 daemon [_thread_blocked, id=21256, stack(0x000000970c000000,0x000000970c100000) (1024K)]
  0x000001d77a29fc50 JavaThread "AsyncResolver-bootstrap-executor-%d" daemon [_thread_blocked, id=28088, stack(0x000000970b700000,0x000000970b800000) (1024K)]
  0x000001d77a29f5c0 JavaThread "boundedElastic-22"          daemon [_thread_blocked, id=2236, stack(0x0000009709700000,0x0000009709800000) (1024K)]
  0x000001d77a2a0970 JavaThread "boundedElastic-23"          daemon [_thread_blocked, id=26688, stack(0x0000009708300000,0x0000009708400000) (1024K)]
Total: 41

Other Threads:
=>0x000001d7737b3790 VMThread "VM Thread"                           [id=4512, stack(0x0000009708c00000,0x0000009708d00000) (1024K)]
  0x000001d77379c580 WatcherThread "VM Periodic Task Thread"        [id=14440, stack(0x0000009708b00000,0x0000009708c00000) (1024K)]
  0x000001d7609e54e0 WorkerThread "GC Thread#0"                     [id=23656, stack(0x0000009708600000,0x0000009708700000) (1024K)]
  0x000001d77867c830 WorkerThread "GC Thread#1"                     [id=15228, stack(0x0000009709800000,0x0000009709900000) (1024K)]
  0x000001d77864b350 WorkerThread "GC Thread#2"                     [id=8848, stack(0x0000009709900000,0x0000009709a00000) (1024K)]
  0x000001d77864b6f0 WorkerThread "GC Thread#3"                     [id=25820, stack(0x0000009709a00000,0x0000009709b00000) (1024K)]
  0x000001d77864bea0 WorkerThread "GC Thread#4"                     [id=10140, stack(0x0000009709b00000,0x0000009709c00000) (1024K)]
  0x000001d77864c240 WorkerThread "GC Thread#5"                     [id=30212, stack(0x0000009709c00000,0x0000009709d00000) (1024K)]
  0x000001d773955a10 WorkerThread "GC Thread#6"                     [id=12324, stack(0x0000009709d00000,0x0000009709e00000) (1024K)]
  0x000001d773955db0 WorkerThread "GC Thread#7"                     [id=14600, stack(0x0000009709e00000,0x0000009709f00000) (1024K)]
  0x000001d7609f70d0 ConcurrentGCThread "G1 Main Marker"            [id=9108, stack(0x0000009708700000,0x0000009708800000) (1024K)]
  0x000001d7609f9260 WorkerThread "G1 Conc#0"                       [id=6140, stack(0x0000009708800000,0x0000009708900000) (1024K)]
  0x000001d778ba80c0 WorkerThread "G1 Conc#1"                       [id=8456, stack(0x0000009709f00000,0x000000970a000000) (1024K)]
  0x000001d773669990 ConcurrentGCThread "G1 Refine#0"               [id=12760, stack(0x0000009708900000,0x0000009708a00000) (1024K)]
  0x000001d77366b290 ConcurrentGCThread "G1 Service"                [id=30924, stack(0x0000009708a00000,0x0000009708b00000) (1024K)]
Total: 15

Threads with active compile tasks:
Total: 0

VM state: at safepoint (normal execution)

VM Mutex/Monitor currently owned by a thread:  ([mutex/lock_event])
[0x00007ffa8c84cd68] Threads_lock - owner thread: 0x000001d7737b3790
[0x00007ffa8c84ce68] Heap_lock - owner thread: 0x000001d77a0c44e0

Heap address: 0x0000000704000000, size: 4032 MB, Compressed Oops mode: Zero based, Oop shift amount: 3

CDS archive(s) mapped at: [0x000001d700000000-0x000001d700c90000-0x000001d700c90000), size 13172736, SharedBaseAddress: 0x000001d700000000, ArchiveRelocationMode: 1.
Compressed class space mapped at: 0x000001d701000000-0x000001d741000000, reserved size: 1073741824
Narrow klass base: 0x000001d700000000, Narrow klass shift: 0, Narrow klass range: 0x100000000

GC Precious Log:
 CardTable entry size: 512
 Card Set container configuration: InlinePtr #cards 4 size 8 Array Of Cards #cards 16 size 48 Howl #buckets 8 coarsen threshold 3686 Howl Bitmap #cards 512 size 80 coarsen threshold 460 Card regions per heap region 1 cards per card region 4096
 CPUs: 8 total, 8 available
 Memory: 16122M
 Large Page Support: Disabled
 NUMA Support: Disabled
 Compressed Oops: Enabled (Zero based)
 Heap Region Size: 2M
 Heap Min Capacity: 8M
 Heap Initial Capacity: 252M
 Heap Max Capacity: 4032M
 Pre-touch: Disabled
 Parallel Workers: 8
 Concurrent Workers: 2
 Concurrent Refinement Workers: 8
 Periodic GC: Disabled

Heap:
 garbage-first heap   total 65536K, used 33346K [0x0000000704000000, 0x0000000800000000)
  region size 2048K, 1 young (2048K), 1 survivors (2048K)
 Metaspace       used 53652K, committed 54336K, reserved 1114112K
  class space    used 7903K, committed 8192K, reserved 1048576K

Heap Regions: E=young(eden), S=young(survivor), O=old, HS=humongous(starts), HC=humongous(continues), CS=collection set, F=free, TAMS=top-at-mark-start, PB=parsable bottom
|   0|0x0000000704000000, 0x0000000704200000, 0x0000000704200000|100%| O|  |TAMS 0x0000000704000000| PB 0x0000000704000000| Untracked 
|   1|0x0000000704200000, 0x0000000704400000, 0x0000000704400000|100%| O|  |TAMS 0x0000000704200000| PB 0x0000000704200000| Untracked 
|   2|0x0000000704400000, 0x0000000704600000, 0x0000000704600000|100%| O|  |TAMS 0x0000000704400000| PB 0x0000000704400000| Untracked 
|   3|0x0000000704600000, 0x0000000704800000, 0x0000000704800000|100%| O|  |TAMS 0x0000000704600000| PB 0x0000000704600000| Untracked 
|   4|0x0000000704800000, 0x0000000704800000, 0x0000000704a00000|  0%| F|  |TAMS 0x0000000704800000| PB 0x0000000704800000| Untracked 
|   5|0x0000000704a00000, 0x0000000704c00000, 0x0000000704c00000|100%| O|  |TAMS 0x0000000704a00000| PB 0x0000000704a00000| Untracked 
|   6|0x0000000704c00000, 0x0000000704e00000, 0x0000000704e00000|100%| O|  |TAMS 0x0000000704c00000| PB 0x0000000704c00000| Untracked 
|   7|0x0000000704e00000, 0x0000000705000000, 0x0000000705000000|100%| O|  |TAMS 0x0000000704e00000| PB 0x0000000704e00000| Untracked 
|   8|0x0000000705000000, 0x0000000705200000, 0x0000000705200000|100%| O|  |TAMS 0x0000000705000000| PB 0x0000000705000000| Untracked 
|   9|0x0000000705200000, 0x0000000705400000, 0x0000000705400000|100%| O|  |TAMS 0x0000000705200000| PB 0x0000000705200000| Untracked 
|  10|0x0000000705400000, 0x0000000705600000, 0x0000000705600000|100%| O|  |TAMS 0x0000000705400000| PB 0x0000000705400000| Untracked 
|  11|0x0000000705600000, 0x0000000705800000, 0x0000000705800000|100%| O|  |TAMS 0x0000000705600000| PB 0x0000000705600000| Untracked 
|  12|0x0000000705800000, 0x0000000705a00000, 0x0000000705a00000|100%| O|  |TAMS 0x0000000705800000| PB 0x0000000705800000| Untracked 
|  13|0x0000000705a00000, 0x0000000705c00000, 0x0000000705c00000|100%| O|  |TAMS 0x0000000705a00000| PB 0x0000000705a00000| Untracked 
|  14|0x0000000705c00000, 0x0000000705e00000, 0x0000000705e00000|100%| O|  |TAMS 0x0000000705c00000| PB 0x0000000705c00000| Untracked 
|  15|0x0000000705e00000, 0x0000000706000000, 0x0000000706000000|100%| O|  |TAMS 0x0000000705e00000| PB 0x0000000705e00000| Untracked 
|  16|0x0000000706000000, 0x00000007061e0640, 0x0000000706200000| 93%| O|  |TAMS 0x0000000706000000| PB 0x0000000706000000| Untracked 
|  17|0x0000000706200000, 0x0000000706200000, 0x0000000706400000|  0%| F|  |TAMS 0x0000000706200000| PB 0x0000000706200000| Untracked 
|  18|0x0000000706400000, 0x0000000706400000, 0x0000000706600000|  0%| F|  |TAMS 0x0000000706400000| PB 0x0000000706400000| Untracked 
|  19|0x0000000706600000, 0x0000000706600000, 0x0000000706800000|  0%| F|  |TAMS 0x0000000706600000| PB 0x0000000706600000| Untracked 
|  20|0x0000000706800000, 0x00000007068b04b0, 0x0000000706a00000| 34%| S|CS|TAMS 0x0000000706800000| PB 0x0000000706800000| Complete 
|  21|0x0000000706a00000, 0x0000000706a00000, 0x0000000706c00000|  0%| F|  |TAMS 0x0000000706a00000| PB 0x0000000706a00000| Untracked 
|  22|0x0000000706c00000, 0x0000000706c00000, 0x0000000706e00000|  0%| F|  |TAMS 0x0000000706c00000| PB 0x0000000706c00000| Untracked 
|  23|0x0000000706e00000, 0x0000000706e00000, 0x0000000707000000|  0%| F|  |TAMS 0x0000000706e00000| PB 0x0000000706e00000| Untracked 
|  24|0x0000000707000000, 0x0000000707000000, 0x0000000707200000|  0%| F|  |TAMS 0x0000000707000000| PB 0x0000000707000000| Untracked 
|  25|0x0000000707200000, 0x0000000707200000, 0x0000000707400000|  0%| F|  |TAMS 0x0000000707200000| PB 0x0000000707200000| Untracked 
|  26|0x0000000707400000, 0x0000000707400000, 0x0000000707600000|  0%| F|  |TAMS 0x0000000707400000| PB 0x0000000707400000| Untracked 
|  90|0x000000070f400000, 0x000000070f400000, 0x000000070f600000|  0%| F|  |TAMS 0x000000070f400000| PB 0x000000070f400000| Untracked 
|  91|0x000000070f600000, 0x000000070f600000, 0x000000070f800000|  0%| F|  |TAMS 0x000000070f600000| PB 0x000000070f600000| Untracked 
|  92|0x000000070f800000, 0x000000070f800000, 0x000000070fa00000|  0%| F|  |TAMS 0x000000070f800000| PB 0x000000070f800000| Untracked 
|  93|0x000000070fa00000, 0x000000070fa00000, 0x000000070fc00000|  0%| F|  |TAMS 0x000000070fa00000| PB 0x000000070fa00000| Untracked 
| 125|0x0000000713a00000, 0x0000000713a00000, 0x0000000713c00000|  0%| F|  |TAMS 0x0000000713a00000| PB 0x0000000713a00000| Untracked 

Card table byte_map: [0x000001d76c6a0000,0x000001d76ce80000] _byte_map_base: 0x000001d768e80000

Marking Bits: (CMBitMap*) 0x000001d7609e6bf0
 Bits: [0x000001d76ce80000, 0x000001d770d80000)

Polling page: 0x000001d75eab0000

Metaspace:

Usage:
  Non-class:     44.68 MB used.
      Class:      7.72 MB used.
       Both:     52.39 MB used.

Virtual space:
  Non-class space:       64.00 MB reserved,      45.06 MB ( 70%) committed,  1 nodes.
      Class space:        1.00 GB reserved,       8.00 MB ( <1%) committed,  1 nodes.
             Both:        1.06 GB reserved,      53.06 MB (  5%) committed. 

Chunk freelists:
   Non-Class:  2.48 MB
       Class:  8.05 MB
        Both:  10.53 MB

MaxMetaspaceSize: unlimited
CompressedClassSpaceSize: 1.00 GB
Initial GC threshold: 21.00 MB
Current GC threshold: 88.44 MB
CDS: on
 - commit_granule_bytes: 65536.
 - commit_granule_words: 8192.
 - virtual_space_node_default_size: 8388608.
 - enlarge_chunks_in_place: 1.
 - use_allocation_guard: 0.


Internal statistics:

num_allocs_failed_limit: 3.
num_arena_births: 1568.
num_arena_deaths: 752.
num_vsnodes_births: 2.
num_vsnodes_deaths: 0.
num_space_committed: 849.
num_space_uncommitted: 0.
num_chunks_returned_to_freelist: 868.
num_chunks_taken_from_freelist: 3975.
num_chunk_merges: 169.
num_chunk_splits: 2330.
num_chunks_enlarged: 1727.
num_inconsistent_stats: 0.

CodeCache: size=49152Kb used=15687Kb max_used=17908Kb free=33464Kb
 bounds [0x000001d768db0000, 0x000001d769ff0000, 0x000001d76bdb0000]
 total_blobs=8400 nmethods=7728 adapters=595
 compilation: enabled
              stopped_count=0, restarted_count=0
 full_count=0

Compilation events (20 events):
Event: 2813.335 Thread 0x000001d77919dd60 15105       1       org.apache.hc.core5.http.io.entity.EntityUtils::consume (24 bytes)
Event: 2813.335 Thread 0x000001d779deec00 nmethod 15103 0x000001d76954bd10 code [0x000001d76954bf20, 0x000001d76954c640]
Event: 2813.335 Thread 0x000001d779deec00 15108       1       org.springframework.util.LinkedCaseInsensitiveMap$EntrySet::spliterator (10 bytes)
Event: 2813.335 Thread 0x000001d779b89090 15107       1       org.apache.hc.core5.http.message.BasicClassicHttpResponse::close (8 bytes)
Event: 2813.335 Thread 0x000001d77919dd60 nmethod 15105 0x000001d769602610 code [0x000001d7696027e0, 0x000001d769602960]
Event: 2813.336 Thread 0x000001d779b89090 nmethod 15107 0x000001d769610910 code [0x000001d769610ac0, 0x000001d769610bc0]
Event: 2813.336 Thread 0x000001d779b89090 15110       1       com.netflix.discovery.shared.transport.decorator.ServerStatusEvaluators$1::accept (89 bytes)
Event: 2813.336 Thread 0x000001d77919dd60 15109   !   1       com.netflix.discovery.shared.transport.EurekaHttpResponse::<init> (116 bytes)
Event: 2813.336 Thread 0x000001d779deec00 nmethod 15108 0x000001d769610390 code [0x000001d769610540, 0x000001d769610638]
Event: 2813.336 Thread 0x000001d779b89090 nmethod 15110 0x000001d76954b890 code [0x000001d76954ba60, 0x000001d76954bcb8]
Event: 2813.336 Thread 0x000001d77919dd60 nmethod 15109 0x000001d76954ab10 code [0x000001d76954ad60, 0x000001d76954b530]
Event: 2813.338 Thread 0x000001d7737e2470 nmethod 15106 0x000001d7699be490 code [0x000001d7699be740, 0x000001d7699bf150]
Event: 2894.045 Thread 0x000001d7737e2470 15112       1       java.lang.invoke.LambdaFormEditor::getInCache (165 bytes)
Event: 2894.047 Thread 0x000001d7737e2470 nmethod 15112 0x000001d7699bda10 code [0x000001d7699bdc20, 0x000001d7699be148]
Event: 2894.047 Thread 0x000001d7737e2470 15111       1       java.lang.invoke.ClassSpecializer$SpeciesData::getterFunction (78 bytes)
Event: 2894.048 Thread 0x000001d7737e2470 nmethod 15111 0x000001d76954a790 code [0x000001d76954a940, 0x000001d76954aa80]
Event: 2903.681 Thread 0x000001d7737e2470 15113       1       io.netty.buffer.PooledUnsafeDirectByteBuf::setBytes (16 bytes)
Event: 2903.681 Thread 0x000001d7737e2470 nmethod 15113 0x000001d76954a290 code [0x000001d76954a440, 0x000001d76954a558]
Event: 2903.681 Thread 0x000001d7737e2470 15114       1       io.netty.buffer.UnsafeByteBufUtil::setBytes (134 bytes)
Event: 2903.684 Thread 0x000001d7737e2470 nmethod 15114 0x000001d7699bca10 code [0x000001d7699bcd00, 0x000001d7699bd530]

GC Heap History (20 events):
Event: 2485.314 GC heap after
{Heap after GC invocations=118 (full 0):
 garbage-first heap   total 65536K, used 32715K [0x0000000704000000, 0x0000000800000000)
  region size 2048K, 1 young (2048K), 1 survivors (2048K)
 Metaspace       used 53652K, committed 54336K, reserved 1114112K
  class space    used 7902K, committed 8192K, reserved 1048576K
}
Event: 2530.707 GC heap before
{Heap before GC invocations=118 (full 0):
 garbage-first heap   total 65536K, used 55243K [0x0000000704000000, 0x0000000800000000)
  region size 2048K, 12 young (24576K), 1 survivors (2048K)
 Metaspace       used 53652K, committed 54336K, reserved 1114112K
  class space    used 7902K, committed 8192K, reserved 1048576K
}
Event: 2530.717 GC heap after
{Heap after GC invocations=119 (full 0):
 garbage-first heap   total 65536K, used 32730K [0x0000000704000000, 0x0000000800000000)
  region size 2048K, 1 young (2048K), 1 survivors (2048K)
 Metaspace       used 53652K, committed 54336K, reserved 1114112K
  class space    used 7902K, committed 8192K, reserved 1048576K
}
Event: 2576.172 GC heap before
{Heap before GC invocations=120 (full 0):
 garbage-first heap   total 65536K, used 55258K [0x0000000704000000, 0x0000000800000000)
  region size 2048K, 12 young (24576K), 1 survivors (2048K)
 Metaspace       used 53652K, committed 54336K, reserved 1114112K
  class space    used 7902K, committed 8192K, reserved 1048576K
}
Event: 2576.179 GC heap after
{Heap after GC invocations=121 (full 0):
 garbage-first heap   total 65536K, used 32732K [0x0000000704000000, 0x0000000800000000)
  region size 2048K, 1 young (2048K), 1 survivors (2048K)
 Metaspace       used 53652K, committed 54336K, reserved 1114112K
  class space    used 7902K, committed 8192K, reserved 1048576K
}
Event: 2616.571 GC heap before
{Heap before GC invocations=121 (full 0):
 garbage-first heap   total 65536K, used 55260K [0x0000000704000000, 0x0000000800000000)
  region size 2048K, 12 young (24576K), 1 survivors (2048K)
 Metaspace       used 53654K, committed 54336K, reserved 1114112K
  class space    used 7903K, committed 8192K, reserved 1048576K
}
Event: 2616.580 GC heap after
{Heap after GC invocations=122 (full 0):
 garbage-first heap   total 65536K, used 33007K [0x0000000704000000, 0x0000000800000000)
  region size 2048K, 1 young (2048K), 1 survivors (2048K)
 Metaspace       used 53654K, committed 54336K, reserved 1114112K
  class space    used 7903K, committed 8192K, reserved 1048576K
}
Event: 2662.013 GC heap before
{Heap before GC invocations=123 (full 0):
 garbage-first heap   total 65536K, used 55535K [0x0000000704000000, 0x0000000800000000)
  region size 2048K, 12 young (24576K), 1 survivors (2048K)
 Metaspace       used 53665K, committed 54336K, reserved 1114112K
  class space    used 7906K, committed 8192K, reserved 1048576K
}
Event: 2662.019 GC heap after
{Heap after GC invocations=124 (full 0):
 garbage-first heap   total 65536K, used 33303K [0x0000000704000000, 0x0000000800000000)
  region size 2048K, 1 young (2048K), 1 survivors (2048K)
 Metaspace       used 53665K, committed 54336K, reserved 1114112K
  class space    used 7906K, committed 8192K, reserved 1048576K
}
Event: 2707.419 GC heap before
{Heap before GC invocations=124 (full 0):
 garbage-first heap   total 65536K, used 55831K [0x0000000704000000, 0x0000000800000000)
  region size 2048K, 12 young (24576K), 1 survivors (2048K)
 Metaspace       used 53665K, committed 54336K, reserved 1114112K
  class space    used 7906K, committed 8192K, reserved 1048576K
}
Event: 2707.423 GC heap after
{Heap after GC invocations=125 (full 0):
 garbage-first heap   total 65536K, used 33330K [0x0000000704000000, 0x0000000800000000)
  region size 2048K, 1 young (2048K), 1 survivors (2048K)
 Metaspace       used 53665K, committed 54336K, reserved 1114112K
  class space    used 7906K, committed 8192K, reserved 1048576K
}
Event: 2752.772 GC heap before
{Heap before GC invocations=126 (full 0):
 garbage-first heap   total 65536K, used 55858K [0x0000000704000000, 0x0000000800000000)
  region size 2048K, 12 young (24576K), 1 survivors (2048K)
 Metaspace       used 53652K, committed 54336K, reserved 1114112K
  class space    used 7903K, committed 8192K, reserved 1048576K
}
Event: 2752.774 GC heap after
{Heap after GC invocations=127 (full 0):
 garbage-first heap   total 65536K, used 33334K [0x0000000704000000, 0x0000000800000000)
  region size 2048K, 1 young (2048K), 1 survivors (2048K)
 Metaspace       used 53652K, committed 54336K, reserved 1114112K
  class space    used 7903K, committed 8192K, reserved 1048576K
}
Event: 2798.167 GC heap before
{Heap before GC invocations=127 (full 0):
 garbage-first heap   total 65536K, used 55862K [0x0000000704000000, 0x0000000800000000)
  region size 2048K, 12 young (24576K), 1 survivors (2048K)
 Metaspace       used 53652K, committed 54336K, reserved 1114112K
  class space    used 7903K, committed 8192K, reserved 1048576K
}
Event: 2798.172 GC heap after
{Heap after GC invocations=128 (full 0):
 garbage-first heap   total 65536K, used 33355K [0x0000000704000000, 0x0000000800000000)
  region size 2048K, 1 young (2048K), 1 survivors (2048K)
 Metaspace       used 53652K, committed 54336K, reserved 1114112K
  class space    used 7903K, committed 8192K, reserved 1048576K
}
Event: 2843.613 GC heap before
{Heap before GC invocations=129 (full 0):
 garbage-first heap   total 65536K, used 55883K [0x0000000704000000, 0x0000000800000000)
  region size 2048K, 12 young (24576K), 1 survivors (2048K)
 Metaspace       used 53652K, committed 54336K, reserved 1114112K
  class space    used 7903K, committed 8192K, reserved 1048576K
}
Event: 2843.616 GC heap after
{Heap after GC invocations=130 (full 0):
 garbage-first heap   total 65536K, used 33305K [0x0000000704000000, 0x0000000800000000)
  region size 2048K, 1 young (2048K), 1 survivors (2048K)
 Metaspace       used 53652K, committed 54336K, reserved 1114112K
  class space    used 7903K, committed 8192K, reserved 1048576K
}
Event: 2888.994 GC heap before
{Heap before GC invocations=130 (full 0):
 garbage-first heap   total 65536K, used 55833K [0x0000000704000000, 0x0000000800000000)
  region size 2048K, 12 young (24576K), 1 survivors (2048K)
 Metaspace       used 53652K, committed 54336K, reserved 1114112K
  class space    used 7903K, committed 8192K, reserved 1048576K
}
Event: 2888.999 GC heap after
{Heap after GC invocations=131 (full 0):
 garbage-first heap   total 65536K, used 33327K [0x0000000704000000, 0x0000000800000000)
  region size 2048K, 1 young (2048K), 1 survivors (2048K)
 Metaspace       used 53652K, committed 54336K, reserved 1114112K
  class space    used 7903K, committed 8192K, reserved 1048576K
}
Event: 2935.743 GC heap before
{Heap before GC invocations=132 (full 0):
 garbage-first heap   total 65536K, used 55855K [0x0000000704000000, 0x0000000800000000)
  region size 2048K, 12 young (24576K), 1 survivors (2048K)
 Metaspace       used 53652K, committed 54336K, reserved 1114112K
  class space    used 7903K, committed 8192K, reserved 1048576K
}

Dll operation events (10 events):
Event: 0.102 Loaded shared library C:\Users\TU QUANG CHUONG\.jdks\openjdk-21.0.2\bin\java.dll
Event: 1.834 Loaded shared library C:\Users\TU QUANG CHUONG\.jdks\openjdk-21.0.2\bin\net.dll
Event: 1.869 Loaded shared library C:\Users\TU QUANG CHUONG\.jdks\openjdk-21.0.2\bin\nio.dll
Event: 1.904 Loaded shared library C:\Users\TU QUANG CHUONG\.jdks\openjdk-21.0.2\bin\zip.dll
Event: 3.077 Loaded shared library C:\Users\TU QUANG CHUONG\.jdks\openjdk-21.0.2\bin\jimage.dll
Event: 39.704 Loaded shared library C:\Users\TU QUANG CHUONG\.jdks\openjdk-21.0.2\bin\management.dll
Event: 39.708 Loaded shared library C:\Users\TU QUANG CHUONG\.jdks\openjdk-21.0.2\bin\management_ext.dll
Event: 40.847 Loaded shared library C:\Users\TU QUANG CHUONG\.jdks\openjdk-21.0.2\bin\sunmscapi.dll
Event: 41.851 Loaded shared library C:\Users\TU QUANG CHUONG\.jdks\openjdk-21.0.2\bin\verify.dll
Event: 42.794 Loaded shared library C:\Users\TU QUANG CHUONG\.jdks\openjdk-21.0.2\bin\extnet.dll

Deoptimization events (2 events):
Event: 38.906 Thread 0x000001d75e7823d0 DEOPT PACKING pc=0x000001d7692b0af4 sp=0x00000097085f7f90
Event: 38.906 Thread 0x000001d75e7823d0 DEOPT UNPACKING pc=0x000001d768e088e2 sp=0x00000097085f7460 mode 0

Classes loaded (20 events):
Event: 317.137 Loading class com/sun/crypto/provider/HmacCore$HmacSHA256
Event: 317.137 Loading class com/sun/crypto/provider/HmacCore
Event: 317.137 Loading class javax/crypto/MacSpi
Event: 317.137 Loading class javax/crypto/MacSpi done
Event: 317.137 Loading class com/sun/crypto/provider/HmacCore done
Event: 317.137 Loading class com/sun/crypto/provider/HmacCore$HmacSHA256 done
Event: 317.345 Loading class java/util/concurrent/locks/ReentrantReadWriteLock$Sync$HoldCounter
Event: 317.345 Loading class java/util/concurrent/locks/ReentrantReadWriteLock$Sync$HoldCounter done
Event: 317.742 Loading class java/util/Base64
Event: 317.743 Loading class java/util/Base64 done
Event: 317.743 Loading class java/util/Base64$Encoder
Event: 317.743 Loading class java/util/Base64$Encoder done
Event: 350.274 Loading class java/util/concurrent/ConcurrentSkipListMap$SubMap
Event: 350.275 Loading class java/util/concurrent/ConcurrentSkipListMap$SubMap done
Event: 350.276 Loading class java/util/concurrent/ConcurrentSkipListMap$Values
Event: 350.276 Loading class java/util/concurrent/ConcurrentSkipListMap$Values done
Event: 350.276 Loading class java/util/concurrent/ConcurrentSkipListMap$SubMap$SubMapValueIterator
Event: 350.276 Loading class java/util/concurrent/ConcurrentSkipListMap$SubMap$SubMapIter
Event: 350.277 Loading class java/util/concurrent/ConcurrentSkipListMap$SubMap$SubMapIter done
Event: 350.277 Loading class java/util/concurrent/ConcurrentSkipListMap$SubMap$SubMapValueIterator done

Classes unloaded (20 events):
Event: 1844.800 Thread 0x000001d7737b3790 Unloading class 0x000001d701584800 'java/lang/invoke/LambdaForm$MH+0x000001d701584800'
Event: 1876.722 Thread 0x000001d7737b3790 Unloading class 0x000001d7012a6400 'java/lang/invoke/LambdaForm$MH+0x000001d7012a6400'
Event: 1876.722 Thread 0x000001d7737b3790 Unloading class 0x000001d701549400 'java/lang/invoke/LambdaForm$MH+0x000001d701549400'
Event: 2030.823 Thread 0x000001d7737b3790 Unloading class 0x000001d701548800 'java/lang/invoke/LambdaForm$MH+0x000001d701548800'
Event: 2253.168 Thread 0x000001d7737b3790 Unloading class 0x000001d7015a1c00 'java/lang/invoke/LambdaForm$MH+0x000001d7015a1c00'
Event: 2253.168 Thread 0x000001d7737b3790 Unloading class 0x000001d70126c000 'java/lang/invoke/LambdaForm$MH+0x000001d70126c000'
Event: 2253.168 Thread 0x000001d7737b3790 Unloading class 0x000001d701150400 'java/lang/invoke/LambdaForm$DMH+0x000001d701150400'
Event: 2253.168 Thread 0x000001d7737b3790 Unloading class 0x000001d701558c00 'java/lang/invoke/LambdaForm$MH+0x000001d701558c00'
Event: 2344.077 Thread 0x000001d7737b3790 Unloading class 0x000001d70155ac00 'java/lang/invoke/LambdaForm$MH+0x000001d70155ac00'
Event: 2344.077 Thread 0x000001d7737b3790 Unloading class 0x000001d701393800 'java/lang/invoke/LambdaForm$MH+0x000001d701393800'
Event: 2344.077 Thread 0x000001d7737b3790 Unloading class 0x000001d701391c00 'java/lang/invoke/LambdaForm$MH+0x000001d701391c00'
Event: 2707.456 Thread 0x000001d7737b3790 Unloading class 0x000001d701114000 'java/lang/invoke/LambdaForm$MH+0x000001d701114000'
Event: 2707.456 Thread 0x000001d7737b3790 Unloading class 0x000001d701089c00 'java/lang/invoke/LambdaForm$MH+0x000001d701089c00'
Event: 2707.456 Thread 0x000001d7737b3790 Unloading class 0x000001d701760400 'java/lang/invoke/LambdaForm$DMH+0x000001d701760400'
Event: 2707.456 Thread 0x000001d7737b3790 Unloading class 0x000001d701701000 'java/lang/invoke/LambdaForm$MH+0x000001d701701000'
Event: 2707.456 Thread 0x000001d7737b3790 Unloading class 0x000001d7017b4800 'java/lang/invoke/LambdaForm$MH+0x000001d7017b4800'
Event: 2707.456 Thread 0x000001d7737b3790 Unloading class 0x000001d701108400 'java/lang/invoke/LambdaForm$MH+0x000001d701108400'
Event: 2707.456 Thread 0x000001d7737b3790 Unloading class 0x000001d70111e400 'java/lang/invoke/LambdaForm$MH+0x000001d70111e400'
Event: 2889.037 Thread 0x000001d7737b3790 Unloading class 0x000001d701548800 'java/lang/invoke/LambdaForm$MH+0x000001d701548800'
Event: 2889.037 Thread 0x000001d7737b3790 Unloading class 0x000001d70171bc00 'java/lang/invoke/LambdaForm$MH+0x000001d70171bc00'

Classes redefined (0 events):
No events

Internal exceptions (20 events):
Event: 315.007 Thread 0x000001d77a0c1d80 Exception <a 'java/lang/NoSuchMethodError'{0x0000000706d35060}: 'java.lang.Object java.lang.invoke.Invokers$Holder.linkToTargetMethod(java.lang.Object, long, java.lang.Object)'> (0x0000000706d35060) 
thrown [s\open\src\hotspot\share\interpreter\linkResolver.cpp, line 773]
Event: 315.097 Thread 0x000001d77a0c3130 Exception <a 'java/lang/NoSuchMethodError'{0x0000000706837050}: 'void java.lang.invoke.DirectMethodHandle$Holder.invokeInterface(java.lang.Object, java.lang.Object)'> (0x0000000706837050) 
thrown [s\open\src\hotspot\share\interpreter\linkResolver.cpp, line 773]
Event: 315.248 Thread 0x000001d77a0c3130 Exception <a 'java/lang/NoSuchMethodError'{0x000000070638f6a8}: 'void java.lang.invoke.DirectMethodHandle$Holder.invokeSpecial(java.lang.Object, java.lang.Object, java.lang.Object, java.lang.Object, java.lang.Object, java.lang.Object, java.lang.Object, java.lang.Object)'> (0x000000070638f6a8) 
thrown [s\open\src\hotspot\share\interpreter\linkResolver.cpp, line 773]
Event: 315.262 Thread 0x000001d77a0c3130 Exception <a 'java/lang/NoSuchMethodError'{0x00000007063f1d48}: 'java.lang.Object java.lang.invoke.DirectMethodHandle$Holder.invokeInterface(java.lang.Object, java.lang.Object, java.lang.Object, int)'> (0x00000007063f1d48) 
thrown [s\open\src\hotspot\share\interpreter\linkResolver.cpp, line 773]
Event: 315.345 Thread 0x000001d77a0c3130 Exception <a 'java/io/FileNotFoundException'{0x000000070fa798b8}> (0x000000070fa798b8) 
thrown [s\open\src\hotspot\share\prims\jni.cpp, line 520]
Event: 315.393 Thread 0x000001d77a0c3130 Exception <a 'sun/nio/fs/WindowsException'{0x000000070faf11d8}> (0x000000070faf11d8) 
thrown [s\open\src\hotspot\share\prims\jni.cpp, line 520]
Event: 315.445 Thread 0x000001d77a0c3130 Exception <a 'java/lang/NoSuchMethodError'{0x000000070fb5ddb0}: 'java.lang.Object java.lang.invoke.DirectMethodHandle$Holder.newInvokeSpecial(java.lang.Object, java.lang.Object, java.lang.Object, java.lang.Object, java.lang.Object, java.lang.Object)'> (0x000000070fb5ddb0) 
thrown [s\open\src\hotspot\share\interpreter\linkResolver.cpp, line 773]
Event: 315.476 Thread 0x000001d77a0c3130 Exception <a 'java/lang/NoSuchMethodError'{0x000000070f81c548}: 'java.lang.Object java.lang.invoke.DirectMethodHandle$Holder.newInvokeSpecial(java.lang.Object, java.lang.Object, long, java.lang.Object)'> (0x000000070f81c548) 
thrown [s\open\src\hotspot\share\interpreter\linkResolver.cpp, line 773]
Event: 315.568 Thread 0x000001d77a29ce60 Exception <a 'java/lang/NoSuchMethodError'{0x000000070f9c27e0}: 'java.lang.Object java.lang.invoke.DirectMethodHandle$Holder.invokeStatic(java.lang.Object, java.lang.Object, java.lang.Object, int, java.lang.Object, java.lang.Object)'> (0x000000070f9c27e0) 
thrown [s\open\src\hotspot\share\interpreter\linkResolver.cpp, line 773]
Event: 315.574 Thread 0x000001d77a29ce60 Exception <a 'java/lang/NoSuchMethodError'{0x000000070f9efdc8}: 'java.lang.Object java.lang.invoke.DirectMethodHandle$Holder.newInvokeSpecial(java.lang.Object, java.lang.Object, java.lang.Object, java.lang.Object, int, java.lang.Object)'> (0x000000070f9efdc8) 
thrown [s\open\src\hotspot\share\interpreter\linkResolver.cpp, line 773]
Event: 315.575 Thread 0x000001d77a29ce60 Exception <a 'java/lang/NoSuchMethodError'{0x000000070f9f3bf8}: 'java.lang.Object java.lang.invoke.DirectMethodHandle$Holder.invokeSpecial(java.lang.Object, java.lang.Object, java.lang.Object, java.lang.Object, java.lang.Object, int, java.lang.Object)'> (0x000000070f9f3bf8) 
thrown [s\open\src\hotspot\share\interpreter\linkResolver.cpp, line 773]
Event: 315.575 Thread 0x000001d77a29ce60 Exception <a 'java/lang/NoSuchMethodError'{0x000000070f9f72a8}: 'java.lang.Object java.lang.invoke.Invokers$Holder.linkToTargetMethod(java.lang.Object, java.lang.Object, java.lang.Object, int, java.lang.Object, java.lang.Object)'> (0x000000070f9f72a8) 
thrown [s\open\src\hotspot\share\interpreter\linkResolver.cpp, line 773]
Event: 315.593 Thread 0x000001d77a29ce60 Exception <a 'java/lang/NoSuchMethodError'{0x000000070f645630}: 'void java.lang.invoke.DirectMethodHandle$Holder.invokeStaticInit(java.lang.Object)'> (0x000000070f645630) 
thrown [s\open\src\hotspot\share\interpreter\linkResolver.cpp, line 773]
Event: 317.039 Thread 0x000001d77a29ad90 Exception <a 'java/lang/NoSuchMethodError'{0x000000070f4ad1d0}: 'java.lang.Object java.lang.invoke.DirectMethodHandle$Holder.invokeStatic(java.lang.Object, int, int)'> (0x000000070f4ad1d0) 
thrown [s\open\src\hotspot\share\interpreter\linkResolver.cpp, line 773]
Event: 317.098 Thread 0x000001d77a29ad90 Exception <a 'java/lang/NoSuchMethodError'{0x0000000706dc5208}: 'void java.lang.invoke.DirectMethodHandle$Holder.invokeSpecialIFC(java.lang.Object, java.lang.Object, java.lang.Object, java.lang.Object)'> (0x0000000706dc5208) 
thrown [s\open\src\hotspot\share\interpreter\linkResolver.cpp, line 773]
Event: 317.426 Thread 0x000001d77a29d4f0 Exception <a 'java/lang/NoSuchMethodError'{0x000000070f589510}: 'void java.lang.invoke.DirectMethodHandle$Holder.invokeSpecial(java.lang.Object, java.lang.Object, long)'> (0x000000070f589510) 
thrown [s\open\src\hotspot\share\interpreter\linkResolver.cpp, line 773]
Event: 317.426 Thread 0x000001d77a29d4f0 Exception <a 'java/lang/NoSuchMethodError'{0x0000000706ffbca0}: 'java.lang.Object java.lang.invoke.DirectMethodHandle$Holder.newInvokeSpecial(java.lang.Object, java.lang.Object, long)'> (0x0000000706ffbca0) 
thrown [s\open\src\hotspot\share\interpreter\linkResolver.cpp, line 773]
Event: 317.717 Thread 0x000001d77a0c37c0 Exception <a 'java/lang/NoSuchMethodError'{0x000000070686d308}: 'java.lang.Object java.lang.invoke.DirectMethodHandle$Holder.newInvokeSpecial(java.lang.Object, java.lang.Object, java.lang.Object, java.lang.Object, java.lang.Object, java.lang.Object, java.lang.Object, java.lang.Object)'> (0x000000070686d308) 
thrown [s\open\src\hotspot\share\interpreter\linkResolver.cpp, line 773]
Event: 317.792 Thread 0x000001d77a0c37c0 Exception <a 'java/lang/NoSuchMethodError'{0x00000007069842e0}: 'void java.lang.invoke.DirectMethodHandle$Holder.invokeStatic(java.lang.Object, java.lang.Object, long)'> (0x00000007069842e0) 
thrown [s\open\src\hotspot\share\interpreter\linkResolver.cpp, line 773]
Event: 317.950 Thread 0x000001d77a0c1d80 Exception <a 'java/lang/NoSuchMethodError'{0x0000000706671ab8}: 'void java.lang.invoke.DirectMethodHandle$Holder.invokeStatic(java.lang.Object, int, java.lang.Object)'> (0x0000000706671ab8) 
thrown [s\open\src\hotspot\share\interpreter\linkResolver.cpp, line 773]

ZGC Phase Switch (0 events):
No events

VM Operations (20 events):
Event: 2819.369 Executing VM operation: Cleanup done
Event: 2826.011 Executing VM operation: HandshakeAllThreads (HandshakeForDeflation)
Event: 2826.012 Executing VM operation: HandshakeAllThreads (HandshakeForDeflation) done
Event: 2826.012 Executing VM operation: RendezvousGCThreads
Event: 2826.012 Executing VM operation: RendezvousGCThreads done
Event: 2836.076 Executing VM operation: Cleanup
Event: 2836.076 Executing VM operation: Cleanup done
Event: 2843.613 Executing VM operation: G1CollectForAllocation (G1 Evacuation Pause)
Event: 2843.616 Executing VM operation: G1CollectForAllocation (G1 Evacuation Pause) done
Event: 2888.994 Executing VM operation: G1CollectForAllocation (G1 Evacuation Pause)
Event: 2888.999 Executing VM operation: G1CollectForAllocation (G1 Evacuation Pause) done
Event: 2889.037 Executing VM operation: G1PauseRemark
Event: 2889.065 Executing VM operation: G1PauseRemark done
Event: 2889.073 Executing VM operation: G1PauseCleanup
Event: 2889.073 Executing VM operation: G1PauseCleanup done
Event: 2894.113 Executing VM operation: Cleanup
Event: 2894.113 Executing VM operation: Cleanup done
Event: 2931.583 Executing VM operation: Cleanup
Event: 2931.583 Executing VM operation: Cleanup done
Event: 2935.743 Executing VM operation: G1CollectForAllocation (G1 Evacuation Pause)

Events (20 events):
Event: 2636.784 Thread 0x000001d779b89090 Thread added: 0x000001d779b89090
Event: 2641.770 Thread 0x000001d779b89090 Thread exited: 0x000001d779b89090
Event: 2641.770 Thread 0x000001d77a25cd90 Thread exited: 0x000001d77a25cd90
Event: 2646.826 Thread 0x000001d77919dd60 Thread exited: 0x000001d77919dd60
Event: 2707.640 Thread 0x000001d7737b3790 flushing nmethod 0x000001d769bea410
Event: 2726.472 Thread 0x000001d77a29f5c0 Thread added: 0x000001d77a29f5c0
Event: 2798.132 Thread 0x000001d77a3cb930 Thread added: 0x000001d77a3cb930
Event: 2798.133 Thread 0x000001d77919dd60 Thread added: 0x000001d77919dd60
Event: 2798.133 Thread 0x000001d779b89090 Thread added: 0x000001d779b89090
Event: 2803.158 Thread 0x000001d77919dd60 Thread exited: 0x000001d77919dd60
Event: 2803.158 Thread 0x000001d779b89090 Thread exited: 0x000001d779b89090
Event: 2803.158 Thread 0x000001d77a3cb930 Thread exited: 0x000001d77a3cb930
Event: 2813.321 Thread 0x000001d77919dd60 Thread added: 0x000001d77919dd60
Event: 2813.321 Thread 0x000001d779b89090 Thread added: 0x000001d779b89090
Event: 2813.321 Thread 0x000001d779deec00 Thread added: 0x000001d779deec00
Event: 2818.349 Thread 0x000001d779deec00 Thread exited: 0x000001d779deec00
Event: 2823.363 Thread 0x000001d779b89090 Thread exited: 0x000001d779b89090
Event: 2828.371 Thread 0x000001d77919dd60 Thread exited: 0x000001d77919dd60
Event: 2850.499 Thread 0x000001d77a2a0970 Thread exited: 0x000001d77a2a0970
Event: 2906.447 Thread 0x000001d77a2a0970 Thread added: 0x000001d77a2a0970


Dynamic libraries:
0x00007ff7d2140000 - 0x00007ff7d214e000 	C:\Users\TU QUANG CHUONG\.jdks\openjdk-21.0.2\bin\java.exe
0x00007ffb05080000 - 0x00007ffb052e7000 	C:\WINDOWS\SYSTEM32\ntdll.dll
0x00007ffb04a90000 - 0x00007ffb04b59000 	C:\WINDOWS\System32\KERNEL32.DLL
0x00007ffb02770000 - 0x00007ffb02b5f000 	C:\WINDOWS\System32\KERNELBASE.dll
0x00007ffb02ca0000 - 0x00007ffb02deb000 	C:\WINDOWS\System32\ucrtbase.dll
0x00007ffaf0a30000 - 0x00007ffaf0a48000 	C:\Users\TU QUANG CHUONG\.jdks\openjdk-21.0.2\bin\jli.dll
0x00007ffb03260000 - 0x00007ffb03425000 	C:\WINDOWS\System32\USER32.dll
0x00007ffb02df0000 - 0x00007ffb02e17000 	C:\WINDOWS\System32\win32u.dll
0x00007ffb04b60000 - 0x00007ffb04b8b000 	C:\WINDOWS\System32\GDI32.dll
0x00007ffb02b70000 - 0x00007ffb02c9c000 	C:\WINDOWS\System32\gdi32full.dll
0x00007ffb02290000 - 0x00007ffb02333000 	C:\WINDOWS\System32\msvcp_win.dll
0x00007ffaf7140000 - 0x00007ffaf715b000 	C:\Users\TU QUANG CHUONG\.jdks\openjdk-21.0.2\bin\VCRUNTIME140.dll
0x00007ffae7010000 - 0x00007ffae72a3000 	C:\WINDOWS\WinSxS\amd64_microsoft.windows.common-controls_6595b64144ccf1df_6.0.26100.7309_none_3e05feeae336a044\COMCTL32.dll
0x00007ffb04200000 - 0x00007ffb042a9000 	C:\WINDOWS\System32\msvcrt.dll
0x00007ffb03220000 - 0x00007ffb03251000 	C:\WINDOWS\System32\IMM32.DLL
0x00007ffaf7130000 - 0x00007ffaf713c000 	C:\Users\TU QUANG CHUONG\.jdks\openjdk-21.0.2\bin\vcruntime140_1.dll
0x00007ffacea00000 - 0x00007ffacea8e000 	C:\Users\TU QUANG CHUONG\.jdks\openjdk-21.0.2\bin\msvcp140.dll
0x00007ffa8bc10000 - 0x00007ffa8c927000 	C:\Users\TU QUANG CHUONG\.jdks\openjdk-21.0.2\bin\server\jvm.dll
0x00007ffb04320000 - 0x00007ffb043d4000 	C:\WINDOWS\System32\ADVAPI32.dll
0x00007ffb04d10000 - 0x00007ffb04db6000 	C:\WINDOWS\System32\sechost.dll
0x00007ffb02e20000 - 0x00007ffb02f38000 	C:\WINDOWS\System32\RPCRT4.dll
0x00007ffb043e0000 - 0x00007ffb04454000 	C:\WINDOWS\System32\WS2_32.dll
0x00007ffb02030000 - 0x00007ffb0208e000 	C:\WINDOWS\SYSTEM32\POWRPROF.dll
0x00007ffaff9a0000 - 0x00007ffaff9d5000 	C:\WINDOWS\SYSTEM32\WINMM.dll
0x00007ffaf0180000 - 0x00007ffaf018b000 	C:\WINDOWS\SYSTEM32\VERSION.dll
0x00007ffb02010000 - 0x00007ffb02024000 	C:\WINDOWS\SYSTEM32\UMPDC.dll
0x00007ffb00f80000 - 0x00007ffb00f9b000 	C:\WINDOWS\SYSTEM32\kernel.appcore.dll
0x00007ffaf09b0000 - 0x00007ffaf09ba000 	C:\Users\TU QUANG CHUONG\.jdks\openjdk-21.0.2\bin\jimage.dll
0x00007ffaff6b0000 - 0x00007ffaff8f2000 	C:\WINDOWS\SYSTEM32\DBGHELP.DLL
0x00007ffb04700000 - 0x00007ffb04a85000 	C:\WINDOWS\System32\combase.dll
0x00007ffb04510000 - 0x00007ffb045e6000 	C:\WINDOWS\System32\OLEAUT32.dll
0x00007ffaff960000 - 0x00007ffaff99c000 	C:\WINDOWS\SYSTEM32\dbgcore.DLL
0x00007ffb02340000 - 0x00007ffb023e5000 	C:\WINDOWS\System32\bcryptPrimitives.dll
0x00007ffaf0990000 - 0x00007ffaf09af000 	C:\Users\TU QUANG CHUONG\.jdks\openjdk-21.0.2\bin\java.dll
0x00007ffb03aa0000 - 0x00007ffb041f3000 	C:\WINDOWS\System32\SHELL32.dll
0x00007ffb023f0000 - 0x00007ffb0255a000 	C:\WINDOWS\System32\wintypes.dll
0x00007ffaffdb0000 - 0x00007ffb0060e000 	C:\WINDOWS\SYSTEM32\windows.storage.dll
0x00007ffb04600000 - 0x00007ffb046f5000 	C:\WINDOWS\System32\SHCORE.dll
0x00007ffb042b0000 - 0x00007ffb04316000 	C:\WINDOWS\System32\shlwapi.dll
0x00007ffb020f0000 - 0x00007ffb02119000 	C:\WINDOWS\SYSTEM32\profapi.dll
0x00007ffaf0980000 - 0x00007ffaf0990000 	C:\Users\TU QUANG CHUONG\.jdks\openjdk-21.0.2\bin\net.dll
0x00007ffaf7430000 - 0x00007ffaf7558000 	C:\WINDOWS\SYSTEM32\WINHTTP.dll
0x00007ffb014f0000 - 0x00007ffb0155b000 	C:\WINDOWS\system32\mswsock.dll
0x00007ffaf0960000 - 0x00007ffaf0976000 	C:\Users\TU QUANG CHUONG\.jdks\openjdk-21.0.2\bin\nio.dll
0x00007ffaf06a0000 - 0x00007ffaf06b8000 	C:\Users\TU QUANG CHUONG\.jdks\openjdk-21.0.2\bin\zip.dll
0x00007ffb009c0000 - 0x00007ffb009f4000 	C:\WINDOWS\SYSTEM32\IPHLPAPI.DLL
0x00007ffb03920000 - 0x00007ffb0392a000 	C:\WINDOWS\System32\NSI.dll
0x00007ffb00a60000 - 0x00007ffb00b8c000 	C:\WINDOWS\SYSTEM32\DNSAPI.dll
0x00007ffaf0b80000 - 0x00007ffaf0b8b000 	C:\Windows\System32\rasadhlp.dll
0x00007ffaf94e0000 - 0x00007ffaf9566000 	C:\WINDOWS\System32\fwpuclnt.dll
0x00007ffb017b0000 - 0x00007ffb017cb000 	C:\WINDOWS\SYSTEM32\CRYPTSP.dll
0x00007ffb00ee0000 - 0x00007ffb00f1a000 	C:\WINDOWS\system32\rsaenh.dll
0x00007ffb015a0000 - 0x00007ffb015cb000 	C:\WINDOWS\SYSTEM32\USERENV.dll
0x00007ffb020c0000 - 0x00007ffb020ea000 	C:\WINDOWS\SYSTEM32\bcrypt.dll
0x00007ffb017d0000 - 0x00007ffb017dc000 	C:\WINDOWS\SYSTEM32\CRYPTBASE.dll
0x00007ffac7c50000 - 0x00007ffac7c5a000 	C:\Users\TU QUANG CHUONG\.jdks\openjdk-21.0.2\bin\management.dll
0x00007ffac74c0000 - 0x00007ffac74cb000 	C:\Users\TU QUANG CHUONG\.jdks\openjdk-21.0.2\bin\management_ext.dll
0x00007ffb05020000 - 0x00007ffb05028000 	C:\WINDOWS\System32\PSAPI.DLL
0x00007ffacda50000 - 0x00007ffacda5e000 	C:\Users\TU QUANG CHUONG\.jdks\openjdk-21.0.2\bin\sunmscapi.dll
0x00007ffb02560000 - 0x00007ffb026d7000 	C:\WINDOWS\System32\CRYPT32.dll
0x00007ffb019d0000 - 0x00007ffb01a00000 	C:\WINDOWS\SYSTEM32\ncrypt.dll
0x00007ffb01980000 - 0x00007ffb019bf000 	C:\WINDOWS\SYSTEM32\NTASN1.dll
0x00007ffaf0800000 - 0x00007ffaf0810000 	C:\Users\TU QUANG CHUONG\.jdks\openjdk-21.0.2\bin\verify.dll
0x00007ffac9780000 - 0x00007ffac9789000 	C:\Users\TU QUANG CHUONG\.jdks\openjdk-21.0.2\bin\extnet.dll
0x00007ffa781e0000 - 0x00007ffa781e8000 	C:\WINDOWS\system32\wshunix.dll
0x00007ffad0a70000 - 0x00007ffad0a88000 	C:\WINDOWS\system32\napinsp.dll
0x00007ffad0a50000 - 0x00007ffad0a62000 	C:\WINDOWS\System32\winrnr.dll
0x00007ffad0950000 - 0x00007ffad0972000 	C:\WINDOWS\system32\nlansp_c.dll
0x00007ffad0930000 - 0x00007ffad0946000 	C:\WINDOWS\system32\wshbth.dll
0x00007ffaf9320000 - 0x00007ffaf933e000 	C:\WINDOWS\SYSTEM32\dhcpcsvc6.DLL
0x00007ffaf9130000 - 0x00007ffaf9153000 	C:\WINDOWS\SYSTEM32\dhcpcsvc.DLL

dbghelp: loaded successfully - version: 4.0.5 - missing functions: none
symbol engine: initialized successfully - sym options: 0x614 - pdb path: .;C:\Users\TU QUANG CHUONG\.jdks\openjdk-21.0.2\bin;C:\WINDOWS\SYSTEM32;C:\WINDOWS\WinSxS\amd64_microsoft.windows.common-controls_6595b64144ccf1df_6.0.26100.7309_none_3e05feeae336a044;C:\Users\TU QUANG CHUONG\.jdks\openjdk-21.0.2\bin\server

VM Arguments:
jvm_args: -XX:TieredStopAtLevel=1 
java_command: com.example.gateway.GatewayApplication
java_class_path (initial): D:\Buildd24_10\Buildd30_7\Buildd43\services\gateway\target\classes;C:\Users\TU QUANG CHUONG\.m2\repository\org\springframework\cloud\spring-cloud-starter-gateway\4.1.5\spring-cloud-starter-gateway-4.1.5.jar;C:\Users\TU QUANG CHUONG\.m2\repository\org\springframework\cloud\spring-cloud-starter\4.1.4\spring-cloud-starter-4.1.4.jar;C:\Users\TU QUANG CHUONG\.m2\repository\org\springframework\cloud\spring-cloud-context\4.1.4\spring-cloud-context-4.1.4.jar;C:\Users\TU QUANG CHUONG\.m2\repository\org\springframework\cloud\spring-cloud-commons\4.1.4\spring-cloud-commons-4.1.4.jar;C:\Users\TU QUANG CHUONG\.m2\repository\org\springframework\security\spring-security-rsa\1.1.3\spring-security-rsa-1.1.3.jar;C:\Users\TU QUANG CHUONG\.m2\repository\org\bouncycastle\bcprov-jdk18on\1.78\bcprov-jdk18on-1.78.jar;C:\Users\TU QUANG CHUONG\.m2\repository\org\springframework\cloud\spring-cloud-gateway-server\4.1.5\spring-cloud-gateway-server-4.1.5.jar;C:\Users\TU QUANG CHUONG\.m2\repository\io\projectreactor\addons\reactor-extra\3.5.2\reactor-extra-3.5.2.jar;C:\Users\TU QUANG CHUONG\.m2\repository\io\projectreactor\reactor-core\3.6.10\reactor-core-3.6.10.jar;C:\Users\TU QUANG CHUONG\.m2\repository\org\reactivestreams\reactive-streams\1.0.4\reactive-streams-1.0.4.jar;C:\Users\TU QUANG CHUONG\.m2\repository\com\fasterxml\jackson\datatype\jackson-datatype-jdk8\2.17.2\jackson-datatype-jdk8-2.17.2.jar;C:\Users\TU QUANG CHUONG\.m2\repository\com\fasterxml\jackson\module\jackson-module-parameter-names\2.17.2\jackson-module-parameter-names-2.17.2.jar;C:\Users\TU QUANG CHUONG\.m2\repository\io\projectreactor\netty\reactor-netty-http\1.1.22\reactor-netty-http-1.1.22.jar;C:\Users\TU QUANG CHUONG\.m2\repository\io\netty\netty-codec-http\4.1.113.Final\netty-codec-http-4.1.113.Final.jar;C:\Users\TU QUANG CHUONG\.m2\repository\io\netty\netty-common\4.1.113.Final\netty-common-4.1.113.Final.jar;C:\Users\TU QUANG CHUONG\.m2\repository\io\netty\netty-buffer\4.1.113.Final\netty-buffer-4.1.113.Final.jar;C:\Users\TU QUANG CHUONG\.m2\repository\io\netty\netty-transport\4.1.113.Final\netty-transport-4.1.113.Final.jar;C:\Users\TU QUANG CHUONG\.m2\repository\io\netty\netty-codec\4.1.113.Final\netty-codec-4.1.113.Final.jar;C:\Users\TU QUANG CHUONG\.m2\repository\io\netty\netty-handler\4.1.113.Final\netty-handler-4.1.113.Final.jar;C:\Users\TU QUANG CHUONG\.m2\repository\io\netty\netty-codec-http2\4.1.113.Final\netty-codec-http2-4.1.113.Final.jar;C:\Users\TU QUANG CHUONG\.m2\repository\io\netty\netty-resolver-dns\4.1.113.Final\netty-resolver-dns-4.1.113.Final.jar;C:\Users\TU QUANG CHUONG\.m2\repository\io\netty\netty-resolver\4.1.113.Final\netty-resolver-4.1.113.Final.jar;C:\Users\TU QUANG CHUONG\.m2\repository\io\netty\netty-codec-dns\4.1.113.Final\netty-codec-dns-4.1.113.Final.jar;C:\Users\TU QUANG CHUONG\.m2\repository\io\netty\netty-resolver-dns-native-macos\4.1.113.Final\netty-resolver-dns-native-macos-4.1.113.Final-osx-x86_64.jar;C:\Users\TU QUANG CHUONG\.m2\repository\io\netty\netty-resolver-dns-classes-macos\4.1.113.Final\netty-resolver-dns-classes-macos-4.1.113.Final.jar;C:\Users\TU QUANG CHUONG\.m2\repository\io\netty\netty-transport-native-epoll\4.1.113.Final\netty-transport-native-epoll-4.1.113.Final-linux-x86_64.jar;C:\Users\TU QUANG CHUONG\.m2\repository\io\netty\netty-transport-native-unix-common\4.1.113.Final\netty-transport-native-unix-common-4.1.113.Final.jar;C:\Users\TU QUANG CHUONG\.m2\repository\io\netty\netty-transport-classes-epoll\4.1.113.Final\netty-transport-classes-epoll-4.1.113.Final.jar;C:\Users\TU QUANG CHUONG\.m2\repository\io\projectreactor\netty\reactor-netty-core\1.1.22\reactor-netty-core-1.1.22.jar;C:\Users\TU QUANG CHUONG\.m2\repository\io\netty\netty-handler-proxy\4.1.113.Final\netty-handler-proxy-4.1.113.Final.jar;C:\Users\TU QUANG CHUONG\.m2\repository\io\netty\netty-codec-socks\4.1.113.Final\netty-codec-socks-4.1.113.Final.jar;C:\Users\TU QUANG CHUONG\.m2\repository\org\springframework\spring-web\6.1.13\spring-web-6.1.13.jar;C:\Users\TU QUANG CHUONG\.m2\repository\org\springframework\spring-webflux\6.1.13\spring-webflux-6.1.13.jar;C:\Users\TU QUANG CHUONG\.m2\repository\org\springframework\boot\spring-boot-actuator-autoconfigure\3.3.4\spring-boot-actuator-autoconfigure-3.3.4.jar;C:\Users\TU QUANG CHUONG\.m2\repository\org\springframework\boot\spring-boot-actuator\3.3.4\spring-boot-actuator-3.3.4.jar;C:\Users\TU QUANG CHUONG\.m2\repository\com\fasterxml\jackson\core\jackson-databind\2.17.2\jackson-databind-2.17.2.jar;C:\Users\TU QUANG CHUONG\.m2\repository\com\fasterxml\jackson\datatype\jackson-datatype-jsr310\2.17.2\jackson-datatype-jsr310-2.17.2.jar;C:\Users\TU QUANG CHUONG\.m2\repository\io\micrometer\micrometer-observation\1.13.4\micrometer-observation-1.13.4.jar;C:\Users\TU QUANG CHUONG\.m2\repository\io\micrometer\micrometer-commons\1.13.4\micrometer-commons-1.13.4.jar;C:\Users\TU QUANG CHUONG\.m2\repository\io\micrometer\micrometer-jakarta9\1.13.4\micrometer-jakarta9-1.13.4.jar;C:\Users\TU QUANG CHUONG\.m2\repository\io\micrometer\micrometer-core\1.13.4\micrometer-core-1.13.4.jar;C:\Users\TU QUANG CHUONG\.m2\repository\org\hdrhistogram\HdrHistogram\2.2.2\HdrHistogram-2.2.2.jar;C:\Users\TU QUANG CHUONG\.m2\repository\org\latencyutils\LatencyUtils\2.0.3\LatencyUtils-2.0.3.jar;C:\Users\TU QUANG CHUONG\.m2\repository\org\apache\tomcat\embed\tomcat-embed-el\10.1.30\tomcat-embed-el-10.1.30.jar;C:\Users\TU QUANG CHUONG\.m2\repository\org\hibernate\validator\hibernate-validator\8.0.1.Final\hibernate-validator-8.0.1.Final.jar;C:\Users\TU QUANG CHUONG\.m2\repository\jakarta\validation\jakarta.validation-api\3.0.2\jakarta.validation-api-3.0.2.jar;C:\Users\TU QUANG CHUONG\.m2\repository\org\jboss\logging\jboss-logging\3.5.3.Final\jboss-logging-3.5.3.Final.jar;C:\Users\TU QUANG CHUONG\.m2\repository\com\fasterxml\classmate\1.7.0\classmate-1.7.0.jar;C:\Users\TU QUANG CHUONG\.m2\repository\org\springframework\boot\spring-boot\3.3.4\spring-boot-3.3.4.jar;C:\Users\TU QUANG CHUONG\.m2\repository\org\springframework\spring-context\6.1.13\spring-context-6.1.13.jar;C:\Users\TU QUANG CHUONG\.m2\repository\org\springframework\boot\spring-boot-autoconfigure\3.3.4\spring-boot-autoconfigure-3.3.4.jar;C:\Users\TU QUANG CHUONG\.m2\repository\ch\qos\logback\logback-classic\1.5.8\logback-classic-1.5.8.jar;C:\Users\TU QUANG CHUONG\.m2\repository\ch\qos\logback\logback-core\1.5.8\logback-core-1.5.8.jar;C:\Users\TU QUANG CHUONG\.m2\repository\org\apache\logging\log4j\log4j-to-slf4j\2.23.1\log4j-to-slf4j-2.23.1.jar;C:\Users\TU QUANG CHUONG\.m2\repository\org\apache\logging\log4j\log4j-api\2.23.1\log4j-api-2.23.1.jar;C:\Users\TU QUANG CHUONG\.m2\repository\org\slf4j\jul-to-slf4j\2.0.16\jul-to-slf4j-2.0.16.jar;C:\Users\TU QUANG CHUONG\.m2\repository\jakarta\annotation\jakarta.annotation-api\2.1.1\jakarta.annotation-api-2.1.1.jar;C:\Users\TU QUANG CHUONG\.m2\repository\org\springframework\spring-core\6.1.13\spring-core-6.1.13.jar;C:\Users\TU QUANG CHUONG\.m2\repository\org\springframework\spring-jcl\6.1.13\spring-jcl-6.1.13.jar;C:\Users\TU QUANG CHUONG\.m2\repository\org\yaml\snakeyaml\2.2\snakeyaml-2.2.jar;C:\Users\TU QUANG CHUONG\.m2\repository\org\springframework\cloud\spring-cloud-starter-netflix-eureka-client\4.1.3\spring-cloud-starter-netflix-eureka-client-4.1.3.jar;C:\Users\TU QUANG CHUONG\.m2\repository\org\springframework\cloud\spring-cloud-netflix-eureka-client\4.1.3\spring-cloud-netflix-eureka-client-4.1.3.jar;C:\Users\TU QUANG CHUONG\.m2\repository\org\apache\httpcomponents\client5\httpclient5\5.3.1\httpclient5-5.3.1.jar;C:\Users\TU QUANG CHUONG\.m2\repository\org\apache\httpcomponents\core5\httpcore5\5.2.5\httpcore5-5.2.5.jar;C:\Users\TU QUANG CHUONG\.m2\repository\org\apache\httpcomponents\core5\httpcore5-h2\5.2.5\httpcore5-h2-5.2.5.jar;C:\Users\TU QUANG CHUONG\.m2\repository\com\netflix\eureka\eureka-client\2.0.3\eureka-client-2.0.3.jar;C:\Users\TU QUANG CHUONG\.m2\repository\com\thoughtworks\xstream\xstream\1.4.20\xstream-1.4.20.jar;C:\Users\TU QUANG CHUONG\.m2\repository\io\github\x-stream\mxparser\1.2.2\mxparser-1.2.2.jar;C:\Users\TU QUANG CHUONG\.m2\repository\xmlpull\xmlpull\1.1.3.1\xmlpull-1.1.3.1.jar;C:\Users\TU QUANG CHUONG\.m2\repository\jakarta\ws\rs\jakarta.ws.rs-api\3.1.0\jakarta.ws.rs-api-3.1.0.jar;C:\Users\TU QUANG CHUONG\.m2\repository\jakarta\inject\jakarta.inject-api\2.0.1\jakarta.inject-api-2.0.1.jar;C:\Users\TU QUANG CHUONG\.m2\repository\com\netflix\spectator\spectator-api\1.7.3\spectator-api-1.7.3.jar;C:\Users\TU QUANG CHUONG\.m2\repository\org\slf4j\slf4j-api\2.0.16\slf4j-api-2.0.16.jar;C:\Users\TU QUANG CHUONG\.m2\repository\org\apache\httpcomponents\httpclient\4.5.3\httpclient-4.5.3.jar;C:\Users\TU QUANG CHUONG\.m2\repository\org\apache\httpcomponents\httpcore\4.4.16\httpcore-4.4.16.jar;C:\Users\TU QUANG CHUONG\.m2\repository\commons-codec\commons-codec\1.16.1\commons-codec-1.16.1.jar;C:\Users\TU QUANG CHUONG\.m2\repository\commons-configuration\commons-configuration\1.10\commons-configuration-1.10.jar;C:\Users\TU QUANG CHUONG\.m2\repository\commons-lang\commons-lang\2.6\commons-lang-2.6.jar;C:\Users\TU QUANG CHUONG\.m2\repository\com\fasterxml\jackson\core\jackson-annotations\2.17.2\jackson-annotations-2.17.2.jar;C:\Users\TU QUANG CHUONG\.m2\repository\com\fasterxml\jackson\core\jackson-core\2.17.2\jackson-core-2.17.2.jar;C:\Users\TU QUANG CHUONG\.m2\repository\com\netflix\netflix-commons\netflix-eventbus\0.3.0\netflix-eventbus-0.3.0.jar;C:\Users\TU QUANG CHUONG\.m2\repository\com\netflix\netflix-commons\netflix-infix\0.3.0\netflix-infix-0.3.0.jar;C:\Users\TU QUANG CHUONG\.m2\repository\commons-jxpath\commons-jxpath\1.3\commons-jxpath-1.3.jar;C:\Users\TU QUANG CHUONG\.m2\repository\joda-time\joda-time\2.3\joda-time-2.3.jar;C:\Users\TU QUANG CHUONG\.m2\repository\org\antlr\antlr-runtime\3.4\antlr-runtime-3.4.jar;C:\Users\TU QUANG CHUONG\.m2\repository\org\antlr\stringtemplate\3.2.1\stringtemplate-3.2.1.jar;C:\Users\TU QUANG CHUONG\.m2\repository\antlr\antlr\2.7.7\antlr-2.7.7.jar;C:\Users\TU QUANG CHUONG\.m2\repository\com\google\code\gson\gson\2.10.1\gson-2.10.1.jar;C:\Users\TU QUANG CHUONG\.m2\repository\com\netflix\servo\servo-core\0.5.3\servo-core-0.5.3.jar;C:\Users\TU QUANG CHUONG\.m2\repository\org\apache\commons\commons-math\2.2\commons-math-2.2.jar;C:\Users\TU QUANG CHUONG\.m2\repository\javax\annotation\javax.annotation-api\1.2\javax.annotation-api-1.2.jar;C:\Users\TU QUANG CHUONG\.m2\repository\org\codehaus\jettison\jettison\1.5.4\jettison-1.5.4.jar;C:\Users\TU QUANG CHUONG\.m2\repository\com\netflix\eureka\eureka-core\2.0.3\eureka-core-2.0.3.jar;C:\Users\TU QUANG CHUONG\.m2\repository\com\fasterxml\woodstox\woodstox-core\6.2.1\woodstox-core-6.2.1.jar;C:\Users\TU QUANG CHUONG\.m2\repository\org\codehaus\woodstox\stax2-api\4.2.1\stax2-api-4.2.1.jar;C:\Users\TU QUANG CHUONG\.m2\repository\com\google\guava\guava\33.0.0-jre\guava-33.0.0-jre.jar;C:\Users\TU QUANG CHUONG\.m2\repository\com\google\guava\failureaccess\1.0.2\failureaccess-1.0.2.jar;C:\Users\TU QUANG CHUONG\.m2\repository\com\google\guava\listenablefuture\9999.0-empty-to-avoid-conflict-with-guava\listenablefuture-9999.0-empty-to-avoid-conflict-with-guava.jar;C:\Users\TU QUANG CHUONG\.m2\repository\org\checkerframework\checker-qual\3.41.0\checker-qual-3.41.0.jar;C:\Users\TU QUANG CHUONG\.m2\repository\com\google\errorprone\error_prone_annotations\2.23.0\error_prone_annotations-2.23.0.jar;C:\Users\TU QUANG CHUONG\.m2\repository\com\google\j2objc\j2objc-annotations\2.8\j2objc-annotations-2.8.jar;C:\Users\TU QUANG CHUONG\.m2\repository\org\springframework\cloud\spring-cloud-starter-loadbalancer\4.1.4\spring-cloud-starter-loadbalancer-4.1.4.jar;C:\Users\TU QUANG CHUONG\.m2\repository\org\springframework\cloud\spring-cloud-loadbalancer\4.1.4\spring-cloud-loadbalancer-4.1.4.jar;C:\Users\TU QUANG CHUONG\.m2\repository\org\springframework\spring-context-support\6.1.13\spring-context-support-6.1.13.jar;C:\Users\TU QUANG CHUONG\.m2\repository\com\stoyanr\evictor\1.0.0\evictor-1.0.0.jar;C:\Users\TU QUANG CHUONG\.m2\repository\org\springframework\security\spring-security-config\6.3.3\spring-security-config-6.3.3.jar;C:\Users\TU QUANG CHUONG\.m2\repository\org\springframework\spring-beans\6.1.13\spring-beans-6.1.13.jar;C:\Users\TU QUANG CHUONG\.m2\repository\org\springframework\security\spring-security-core\6.3.3\spring-security-core-6.3.3.jar;C:\Users\TU QUANG CHUONG\.m2\repository\org\springframework\security\spring-security-crypto\6.3.3\spring-security-crypto-6.3.3.jar;C:\Users\TU QUANG CHUONG\.m2\repository\org\springframework\spring-expression\6.1.13\spring-expression-6.1.13.jar;C:\Users\TU QUANG CHUONG\.m2\repository\org\springframework\security\spring-security-oauth2-resource-server\6.3.3\spring-security-oauth2-resource-server-6.3.3.jar;C:\Users\TU QUANG CHUONG\.m2\repository\org\springframework\security\spring-security-oauth2-core\6.3.3\spring-security-oauth2-core-6.3.3.jar;C:\Users\TU QUANG CHUONG\.m2\repository\org\springframework\security\spring-security-oauth2-jose\6.3.3\spring-security-oauth2-jose-6.3.3.jar;C:\Users\TU QUANG CHUONG\.m2\repository\com\nimbusds\nimbus-jose-jwt\9.37.3\nimbus-jose-jwt-9.37.3.jar;C:\Users\TU QUANG CHUONG\.m2\repository\com\github\stephenc\jcip\jcip-annotations\1.0-1\jcip-annotations-1.0-1.jar;C:\Users\TU QUANG CHUONG\.m2\repository\org\springframework\spring-aop\6.1.13\spring-aop-6.1.13.jar;C:\Users\TU QUANG CHUONG\.m2\repository\org\springframework\security\spring-security-web\6.3.3\spring-security-web-6.3.3.jar
Launcher Type: SUN_STANDARD

[Global flags]
     intx CICompilerCount                          = 4                                         {product} {ergonomic}
     uint ConcGCThreads                            = 2                                         {product} {ergonomic}
     uint G1ConcRefinementThreads                  = 8                                         {product} {ergonomic}
   size_t G1HeapRegionSize                         = 2097152                                   {product} {ergonomic}
    uintx GCDrainStackTargetSize                   = 64                                        {product} {ergonomic}
   size_t InitialHeapSize                          = 264241152                                 {product} {ergonomic}
   size_t MarkStackSize                            = 4194304                                   {product} {ergonomic}
   size_t MaxHeapSize                              = 4227858432                                {product} {ergonomic}
   size_t MaxNewSize                               = 2535456768                                {product} {ergonomic}
   size_t MinHeapDeltaBytes                        = 2097152                                   {product} {ergonomic}
   size_t MinHeapSize                              = 8388608                                   {product} {ergonomic}
    uintx NonNMethodCodeHeapSize                   = 4096                                   {pd product} {ergonomic}
    uintx NonProfiledCodeHeapSize                  = 0                                      {pd product} {ergonomic}
     bool ProfileInterpreter                       = false                                  {pd product} {command line}
    uintx ProfiledCodeHeapSize                     = 0                                      {pd product} {ergonomic}
   size_t SoftMaxHeapSize                          = 4227858432                             {manageable} {ergonomic}
     intx TieredStopAtLevel                        = 1                                         {product} {command line}
     bool UseCompressedOops                        = true                           {product lp64_product} {ergonomic}
     bool UseG1GC                                  = true                                      {product} {ergonomic}
     bool UseLargePagesIndividualAllocation        = false                                  {pd product} {ergonomic}

Logging:
Log output configuration:
 #0: stdout all=warning uptime,level,tags foldmultilines=false
 #1: stderr all=off uptime,level,tags foldmultilines=false

Environment Variables:
JAVA_HOME=C:\Users\TU QUANG CHUONG\.jdks\openjdk-21.0.2
PATH=C:\WINDOWS\system32;C:\WINDOWS;C:\WINDOWS\System32\Wbem;C:\WINDOWS\System32\WindowsPowerShell\v1.0\;C:\WINDOWS\System32\OpenSSH\;C:\Program Files\dotnet\;C:\Users\TU QUANG CHUONG\apache-maven-3.9.6-bin\apache-maven-3.9.6\bin;C:\Program Files\Git\cmd;C:\Program Files\TortoiseGit\bin;C:\Users\TU QUANG CHUONG\.jdks\openjdk-21.0.2\bin;C:\Users\TU QUANG CHUONG\.jdks\openjdk-21.0.2\bin;C:\Program Files\MySQL\MySQL Server 8.0\bin\;D:\gradle-8.13-bin\gradle-8.13\bin;D:\flutter_windows_3.29.3-stable\flutter\bin;C:\Program Files\nodejs;;C:\WINDOWS\system32;C:\WINDOWS;C:\WINDOWS\System32\Wbem;C:\WINDOWS\System32\WindowsPowerShell\v1.0\;C:\WINDOWS\System32\OpenSSH\;c:\Users\TU QUANG CHUONG\AppData\Local\Programs\cursor\resources\app\bin;c:\Users\TU QUANG CHUONG\AppData\Local\Programs\cursor\resources\app\bin;C:\Users\TU QUANG CHUONG\AppData\Local\Programs\Python\Python311\Scripts\;C:\Users\TU QUANG CHUONG\AppData\Local\Programs\Python\Python311\;C:\Users\TU QUANG CHUONG\AppData\Local\Microsoft\WindowsApps;C:\Program Files\Azure Data Studio\bin;C:\Users\TU QUANG CHUONG\AppData\Local\Programs\Microsoft VS Code\bin;C:\Users\TU QUANG CHUONG\AppData\Roaming\npm;C:\Users\TU QUANG CHUONG\AppData\Local\Microsoft\WinGet\Packages\Ngrok.Ngrok_Microsoft.Winget.Source_8wekyb3d8bbwe;C:\Users\TU QUANG CHUONG\AppData\Local\Programs\cursor\resources\app\bin
USERNAME=TU QUANG CHUONG
OS=Windows_NT
PROCESSOR_IDENTIFIER=Intel64 Family 6 Model 140 Stepping 2, GenuineIntel
TMP=C:\Users\TU QUANG CHUONG\AppData\Local\Temp
TEMP=C:\Users\TU QUANG CHUONG\AppData\Local\Temp




Periodic native trim disabled

---------------  S Y S T E M  ---------------

OS:
 Windows 11 , 64 bit Build 26100 (10.0.26100.7309)
OS uptime: 0 days 21:29 hours
Hyper-V role detected

CPU: total 8 (initial active 8) (4 cores per cpu, 2 threads per core) family 6 model 140 stepping 2 microcode 0x2c, cx8, cmov, fxsr, ht, mmx, 3dnowpref, sse, sse2, sse3, ssse3, sse4.1, sse4.2, popcnt, lzcnt, tsc, tscinvbit, avx, avx2, aes, erms, clmul, bmi1, bmi2, adx, avx512f, avx512dq, avx512cd, avx512bw, avx512vl, sha, fma, vzeroupper, avx512_vpopcntdq, avx512_vpclmulqdq, avx512_vaes, avx512_vnni, clflush, clflushopt, clwb, avx512_vbmi2, avx512_vbmi, hv, rdtscp, rdpid, fsrm, gfni, avx512_bitalg, f16c, cet_ibt, cet_ss, avx512_ifma
Processor Information for all 8 processors :
  Max Mhz: 2496, Current Mhz: 2496, Mhz Limit: 2496

Memory: 4k page, system-wide physical 16122M (592M free)
TotalPageFile size 41640M (AvailPageFile size 4M)
current process WorkingSet (physical memory assigned to process): 149M, peak: 228M
current process commit charge ("private bytes"): 314M, peak: 372M

vm_info: OpenJDK 64-Bit Server VM (21.0.2+13-58) for windows-amd64 JRE (21.0.2+13-58), built on 2024-01-05T18:32:24Z by "mach5one" with MS VC++ 17.1 (VS2022)

END.
