#
# There is insufficient memory for the Java Runtime Environment to continue.
# Native memory allocation (mmap) failed to map 18874368 bytes for G1 virtual space
# Possible reasons:
#   The system is out of physical RAM or swap space
#   The process is running with CompressedOops enabled, and the Java Heap may be blocking the growth of the native heap
# Possible solutions:
#   Reduce memory load on the system
#   Increase physical memory or swap space
#   Check if swap backing store is full
#   Decrease Java heap size (-Xmx/-Xms)
#   Decrease number of Java threads
#   Decrease Java thread stack sizes (-Xss)
#   Set larger code cache with -XX:ReservedCodeCacheSize=
#   JVM is running with Zero Based Compressed Oops mode in which the Java heap is
#     placed in the first 32GB address space. The Java Heap base address is the
#     maximum limit for the native heap growth. Please use -XX:HeapBaseMinAddress
#     to set the Java Heap base and to place the Java Heap above 32GB virtual address.
# This output file may be truncated or incomplete.
#
#  Out of Memory Error (os_windows.cpp:3600), pid=2272, tid=1376
#
# JRE version: OpenJDK Runtime Environment (21.0.2+13) (build 21.0.2+13-58)
# Java VM: OpenJDK 64-Bit Server VM (21.0.2+13-58, mixed mode, emulated-client, sharing, tiered, compressed oops, compressed class ptrs, g1 gc, windows-amd64)
# No core dump will be written. Minidumps are not enabled by default on client versions of Windows
#

---------------  S U M M A R Y ------------

Command Line: -XX:TieredStopAtLevel=1 com.example.gateway.GatewayApplication

Host: 11th Gen Intel(R) Core(TM) i5-11320H @ 3.20GHz, 8 cores, 15G,  Windows 11 , 64 bit Build 26100 (10.0.26100.7309)
Time: Wed Dec 17 16:13:52 2025 SE Asia Standard Time elapsed time: 4272.846604 seconds (0d 1h 11m 12s)

---------------  T H R E A D  ---------------

Current thread (0x00000238e9f58e70):  VMThread "VM Thread"          [id=1376, stack(0x0000004cffa00000,0x0000004cffb00000) (1024K)]

Stack: [0x0000004cffa00000,0x0000004cffb00000]
Native frames: (J=compiled Java code, j=interpreted, Vv=VM code, C=native code)
V  [jvm.dll+0x6cade9]
V  [jvm.dll+0x8569c1]
V  [jvm.dll+0x858d2e]
V  [jvm.dll+0x859413]
V  [jvm.dll+0x280e56]
V  [jvm.dll+0x6c74d5]
V  [jvm.dll+0x6bbeca]
V  [jvm.dll+0x355bca]
V  [jvm.dll+0x35d816]
V  [jvm.dll+0x3ae67e]
V  [jvm.dll+0x3ae928]
V  [jvm.dll+0x3295dc]
V  [jvm.dll+0x329667]
V  [jvm.dll+0x36df1c]
V  [jvm.dll+0x36c71d]
V  [jvm.dll+0x328d51]
V  [jvm.dll+0x36be2a]
V  [jvm.dll+0x85ef18]
V  [jvm.dll+0x860014]
V  [jvm.dll+0x860550]
V  [jvm.dll+0x8607f3]
V  [jvm.dll+0x7ff568]
V  [jvm.dll+0x6c953d]
C  [ucrtbase.dll+0x37b0]
C  [KERNEL32.DLL+0x2e8d7]
C  [ntdll.dll+0x8c53c]

VM_Operation (0x0000004c81afbe10): G1CollectForAllocation, mode: safepoint, requested by thread 0x00000238f0929f20


---------------  P R O C E S S  ---------------

Threads class SMR info:
_java_thread_list=0x00000238f09182a0, length=44, elements={
0x00000238e9f80770, 0x00000238e9f812c0, 0x00000238e9f83e20, 0x00000238e9f84970,
0x00000238e9f854c0, 0x00000238e9f86010, 0x00000238e9f86b60, 0x00000238ee28e4c0,
0x00000238ee290d00, 0x00000238efadf240, 0x00000238ef7ea390, 0x00000238f04ebd40,
0x00000238ee1f7400, 0x00000238f072c970, 0x00000238f072cfe0, 0x00000238f072d650,
0x00000238d52b5880, 0x00000238f09284e0, 0x00000238f0929200, 0x00000238f0929f20,
0x00000238f0929890, 0x00000238f092b2d0, 0x00000238f0927e50, 0x00000238f0928b70,
0x00000238f092a5b0, 0x00000238f092ac40, 0x00000238f093cbb0, 0x00000238f093e5f0,
0x00000238f093ec80, 0x00000238f093f310, 0x00000238f093be90, 0x00000238f093f9a0,
0x00000238f093c520, 0x00000238f0940030, 0x00000238f09406c0, 0x00000238f0940d50,
0x00000238f093d8d0, 0x00000238f09413e0, 0x00000238f093d240, 0x00000238f093df60,
0x00000238f0941a70, 0x00000238f0942100, 0x00000238f0942790, 0x00000238f0942e20
}

Java Threads: ( => current thread )
  0x00000238e9f80770 JavaThread "Reference Handler"          daemon [_thread_blocked, id=1996, stack(0x0000004cffb00000,0x0000004cffc00000) (1024K)]
  0x00000238e9f812c0 JavaThread "Finalizer"                  daemon [_thread_blocked, id=5268, stack(0x0000004cffc00000,0x0000004cffd00000) (1024K)]
  0x00000238e9f83e20 JavaThread "Signal Dispatcher"          daemon [_thread_blocked, id=18668, stack(0x0000004cffd00000,0x0000004cffe00000) (1024K)]
  0x00000238e9f84970 JavaThread "Attach Listener"            daemon [_thread_blocked, id=18664, stack(0x0000004cffe00000,0x0000004cfff00000) (1024K)]
  0x00000238e9f854c0 JavaThread "Service Thread"             daemon [_thread_blocked, id=7012, stack(0x0000004cfff00000,0x0000004d00000000) (1024K)]
  0x00000238e9f86010 JavaThread "Monitor Deflation Thread"   daemon [_thread_blocked, id=17896, stack(0x0000004c80000000,0x0000004c80100000) (1024K)]
  0x00000238e9f86b60 JavaThread "C1 CompilerThread0"         daemon [_thread_blocked, id=1132, stack(0x0000004c80100000,0x0000004c80200000) (1024K)]
  0x00000238ee28e4c0 JavaThread "Notification Thread"        daemon [_thread_blocked, id=4568, stack(0x0000004c80500000,0x0000004c80600000) (1024K)]
  0x00000238ee290d00 JavaThread "Common-Cleaner"             daemon [_thread_blocked, id=14028, stack(0x0000004c80600000,0x0000004c80700000) (1024K)]
  0x00000238efadf240 JavaThread "boundedElastic-evictor-1"   daemon [_thread_blocked, id=6564, stack(0x0000004c80400000,0x0000004c80500000) (1024K)]
  0x00000238ef7ea390 JavaThread "spring.cloud.inetutils"     daemon [_thread_blocked, id=10468, stack(0x0000004c80200000,0x0000004c80300000) (1024K)]
  0x00000238f04ebd40 JavaThread "spectator-gauge-polling-0"  daemon [_thread_blocked, id=19988, stack(0x0000004c81100000,0x0000004c81200000) (1024K)]
  0x00000238ee1f7400 JavaThread "AsyncResolver-bootstrap-%d" daemon [_thread_blocked, id=2900, stack(0x0000004c81200000,0x0000004c81300000) (1024K)]
  0x00000238f072c970 JavaThread "DiscoveryClient-%d"         daemon [_thread_blocked, id=20580, stack(0x0000004c81500000,0x0000004c81600000) (1024K)]
  0x00000238f072cfe0 JavaThread "DiscoveryClient-%d"         daemon [_thread_blocked, id=20624, stack(0x0000004c81600000,0x0000004c81700000) (1024K)]
  0x00000238f072d650 JavaThread "DiscoveryClient-InstanceInfoReplicator-%d" daemon [_thread_blocked, id=20628, stack(0x0000004c81700000,0x0000004c81800000) (1024K)]
  0x00000238d52b5880 JavaThread "reactor-http-nio-1"         daemon [_thread_in_native, id=20676, stack(0x0000004c81800000,0x0000004c81900000) (1024K)]
  0x00000238f09284e0 JavaThread "server"                            [_thread_blocked, id=20680, stack(0x0000004c81900000,0x0000004c81a00000) (1024K)]
  0x00000238f0929200 JavaThread "DestroyJavaVM"                     [_thread_blocked, id=6984, stack(0x0000004cff300000,0x0000004cff400000) (1024K)]
  0x00000238f0929f20 JavaThread "DiscoveryClient-CacheRefreshExecutor-%d" daemon [_thread_blocked, id=21020, stack(0x0000004c81a00000,0x0000004c81b00000) (1024K)]
  0x00000238f0929890 JavaThread "DiscoveryClient-HeartbeatExecutor-%d" daemon [_thread_blocked, id=21656, stack(0x0000004c80300000,0x0000004c80400000) (1024K)]
  0x00000238f092b2d0 JavaThread "reactor-http-nio-2"         daemon [_thread_in_native, id=26424, stack(0x0000004c81300000,0x0000004c81400000) (1024K)]
  0x00000238f0927e50 JavaThread "reactor-http-nio-3"         daemon [_thread_in_native, id=26428, stack(0x0000004c81b00000,0x0000004c81c00000) (1024K)]
  0x00000238f0928b70 JavaThread "reactor-http-nio-4"         daemon [_thread_in_native, id=26432, stack(0x0000004c81c00000,0x0000004c81d00000) (1024K)]
  0x00000238f092a5b0 JavaThread "reactor-http-nio-5"         daemon [_thread_in_native, id=26436, stack(0x0000004c81d00000,0x0000004c81e00000) (1024K)]
  0x00000238f092ac40 JavaThread "reactor-http-nio-6"         daemon [_thread_in_native, id=26440, stack(0x0000004c81e00000,0x0000004c81f00000) (1024K)]
  0x00000238f093cbb0 JavaThread "reactor-http-nio-7"         daemon [_thread_in_native, id=26500, stack(0x0000004c81f00000,0x0000004c82000000) (1024K)]
  0x00000238f093e5f0 JavaThread "parallel-1"                 daemon [_thread_blocked, id=23816, stack(0x0000004c82500000,0x0000004c82600000) (1024K)]
  0x00000238f093ec80 JavaThread "parallel-2"                 daemon [_thread_blocked, id=25440, stack(0x0000004c82600000,0x0000004c82700000) (1024K)]
  0x00000238f093f310 JavaThread "parallel-3"                 daemon [_thread_blocked, id=25560, stack(0x0000004c82700000,0x0000004c82800000) (1024K)]
  0x00000238f093be90 JavaThread "parallel-4"                 daemon [_thread_blocked, id=21572, stack(0x0000004c82800000,0x0000004c82900000) (1024K)]
  0x00000238f093f9a0 JavaThread "parallel-5"                 daemon [_thread_blocked, id=15236, stack(0x0000004c82900000,0x0000004c82a00000) (1024K)]
  0x00000238f093c520 JavaThread "parallel-7"                 daemon [_thread_blocked, id=26304, stack(0x0000004c82a00000,0x0000004c82b00000) (1024K)]
  0x00000238f0940030 JavaThread "parallel-6"                 daemon [_thread_blocked, id=26324, stack(0x0000004c82b00000,0x0000004c82c00000) (1024K)]
  0x00000238f09406c0 JavaThread "pool-4-thread-1"            daemon [_thread_blocked, id=26224, stack(0x0000004c82c00000,0x0000004c82d00000) (1024K)]
  0x00000238f0940d50 JavaThread "reactor-http-nio-8"         daemon [_thread_in_native, id=26312, stack(0x0000004c82d00000,0x0000004c82e00000) (1024K)]
  0x00000238f093d8d0 JavaThread "parallel-8"                 daemon [_thread_blocked, id=26348, stack(0x0000004c82e00000,0x0000004c82f00000) (1024K)]
  0x00000238f09413e0 JavaThread "Jndi-Dns-address-change-listener" daemon [_thread_in_native, id=26200, stack(0x0000004c82f00000,0x0000004c83000000) (1024K)]
  0x00000238f093d240 JavaThread "AsyncResolver-bootstrap-executor-%d" daemon [_thread_blocked, id=26236, stack(0x0000004c81000000,0x0000004c81100000) (1024K)]
  0x00000238f093df60 JavaThread "boundedElastic-46"          daemon [_thread_blocked, id=20756, stack(0x0000004c80c00000,0x0000004c80d00000) (1024K)]
  0x00000238f0941a70 JavaThread "boundedElastic-47"          daemon [_thread_blocked, id=27604, stack(0x0000004c82000000,0x0000004c82100000) (1024K)]
  0x00000238f0942100 JavaThread "boundedElastic-50"          daemon [_thread_blocked, id=4704, stack(0x0000004c82100000,0x0000004c82200000) (1024K)]
  0x00000238f0942790 JavaThread "boundedElastic-49"          daemon [_thread_blocked, id=18716, stack(0x0000004c82200000,0x0000004c82300000) (1024K)]
  0x00000238f0942e20 JavaThread "boundedElastic-48"          daemon [_thread_blocked, id=8384, stack(0x0000004c82300000,0x0000004c82400000) (1024K)]
Total: 44

Other Threads:
=>0x00000238e9f58e70 VMThread "VM Thread"                           [id=1376, stack(0x0000004cffa00000,0x0000004cffb00000) (1024K)]
  0x00000238e9f3f250 WatcherThread "VM Periodic Task Thread"        [id=18648, stack(0x0000004cff900000,0x0000004cffa00000) (1024K)]
  0x00000238d5314e30 WorkerThread "GC Thread#0"                     [id=1748, stack(0x0000004cff400000,0x0000004cff500000) (1024K)]
  0x00000238e9f58ad0 WorkerThread "GC Thread#1"                     [id=10632, stack(0x0000004c80700000,0x0000004c80800000) (1024K)]
  0x00000238e9f59cf0 WorkerThread "GC Thread#2"                     [id=9764, stack(0x0000004c80800000,0x0000004c80900000) (1024K)]
  0x00000238e9f59210 WorkerThread "GC Thread#3"                     [id=3376, stack(0x0000004c80900000,0x0000004c80a00000) (1024K)]
  0x00000238e9f595b0 WorkerThread "GC Thread#4"                     [id=6272, stack(0x0000004c80a00000,0x0000004c80b00000) (1024K)]
  0x00000238e9f5a430 WorkerThread "GC Thread#5"                     [id=4324, stack(0x0000004c80b00000,0x0000004c80c00000) (1024K)]
  0x00000238eefe5530 WorkerThread "GC Thread#6"                     [id=19692, stack(0x0000004c80d00000,0x0000004c80e00000) (1024K)]
  0x00000238eefe6af0 WorkerThread "GC Thread#7"                     [id=11176, stack(0x0000004c80e00000,0x0000004c80f00000) (1024K)]
  0x00000238d5326a20 ConcurrentGCThread "G1 Main Marker"            [id=6924, stack(0x0000004cff500000,0x0000004cff600000) (1024K)]
  0x00000238d5327d30 WorkerThread "G1 Conc#0"                       [id=9460, stack(0x0000004cff600000,0x0000004cff700000) (1024K)]
  0x00000238eefe6750 WorkerThread "G1 Conc#1"                       [id=20020, stack(0x0000004c80f00000,0x0000004c81000000) (1024K)]
  0x00000238e9e07b00 ConcurrentGCThread "G1 Refine#0"               [id=6708, stack(0x0000004cff700000,0x0000004cff800000) (1024K)]
  0x00000238e9e0ab50 ConcurrentGCThread "G1 Service"                [id=18740, stack(0x0000004cff800000,0x0000004cff900000) (1024K)]
Total: 15

Threads with active compile tasks:
Total: 0

VM state: at safepoint (normal execution)

VM Mutex/Monitor currently owned by a thread:  ([mutex/lock_event])
[0x00007ffe5708cd68] Threads_lock - owner thread: 0x00000238e9f58e70
[0x00007ffe5708ce68] Heap_lock - owner thread: 0x00000238f0929f20

Heap address: 0x0000000704000000, size: 4032 MB, Compressed Oops mode: Zero based, Oop shift amount: 3

CDS archive(s) mapped at: [0x0000023880000000-0x0000023880c90000-0x0000023880c90000), size 13172736, SharedBaseAddress: 0x0000023880000000, ArchiveRelocationMode: 1.
Compressed class space mapped at: 0x0000023881000000-0x00000238c1000000, reserved size: 1073741824
Narrow klass base: 0x0000023880000000, Narrow klass shift: 0, Narrow klass range: 0x100000000

GC Precious Log:
 CardTable entry size: 512
 Card Set container configuration: InlinePtr #cards 4 size 8 Array Of Cards #cards 16 size 48 Howl #buckets 8 coarsen threshold 3686 Howl Bitmap #cards 512 size 80 coarsen threshold 460 Card regions per heap region 1 cards per card region 4096
 CPUs: 8 total, 8 available
 Memory: 16122M
 Large Page Support: Disabled
 NUMA Support: Disabled
 Compressed Oops: Enabled (Zero based)
 Heap Region Size: 2M
 Heap Min Capacity: 8M
 Heap Initial Capacity: 252M
 Heap Max Capacity: 4032M
 Pre-touch: Disabled
 Parallel Workers: 8
 Concurrent Workers: 2
 Concurrent Refinement Workers: 8
 Periodic GC: Disabled

Heap:
 garbage-first heap   total 83968K, used 38215K [0x0000000704000000, 0x0000000800000000)
  region size 2048K, 2 young (4096K), 2 survivors (4096K)
 Metaspace       used 54429K, committed 55360K, reserved 1114112K
  class space    used 8170K, committed 8576K, reserved 1048576K

Heap Regions: E=young(eden), S=young(survivor), O=old, HS=humongous(starts), HC=humongous(continues), CS=collection set, F=free, TAMS=top-at-mark-start, PB=parsable bottom
|   0|0x0000000704000000, 0x0000000704200000, 0x0000000704200000|100%| O|  |TAMS 0x0000000704000000| PB 0x0000000704000000| Untracked 
|   1|0x0000000704200000, 0x0000000704400000, 0x0000000704400000|100%| O|  |TAMS 0x0000000704200000| PB 0x0000000704200000| Untracked 
|   2|0x0000000704400000, 0x0000000704600000, 0x0000000704600000|100%| O|  |TAMS 0x0000000704400000| PB 0x0000000704400000| Untracked 
|   3|0x0000000704600000, 0x0000000704800000, 0x0000000704800000|100%| O|  |TAMS 0x0000000704600000| PB 0x0000000704600000| Untracked 
|   4|0x0000000704800000, 0x0000000704a00000, 0x0000000704a00000|100%| O|  |TAMS 0x0000000704800000| PB 0x0000000704800000| Untracked 
|   5|0x0000000704a00000, 0x0000000704c00000, 0x0000000704c00000|100%| O|  |TAMS 0x0000000704a00000| PB 0x0000000704a00000| Untracked 
|   6|0x0000000704c00000, 0x0000000704e00000, 0x0000000704e00000|100%| O|  |TAMS 0x0000000704c00000| PB 0x0000000704c00000| Untracked 
|   7|0x0000000704e00000, 0x0000000705000000, 0x0000000705000000|100%| O|  |TAMS 0x0000000704e00000| PB 0x0000000704e00000| Untracked 
|   8|0x0000000705000000, 0x0000000705200000, 0x0000000705200000|100%| O|  |TAMS 0x0000000705000000| PB 0x0000000705000000| Untracked 
|   9|0x0000000705200000, 0x0000000705400000, 0x0000000705400000|100%| O|  |TAMS 0x0000000705200000| PB 0x0000000705200000| Untracked 
|  10|0x0000000705400000, 0x0000000705600000, 0x0000000705600000|100%| O|  |TAMS 0x0000000705400000| PB 0x0000000705400000| Untracked 
|  11|0x0000000705600000, 0x00000007056d5f50, 0x0000000705800000| 41%| O|  |TAMS 0x0000000705600000| PB 0x0000000705600000| Untracked 
|  12|0x0000000705800000, 0x0000000705a00000, 0x0000000705a00000|100%| O|  |TAMS 0x0000000705800000| PB 0x0000000705800000| Untracked 
|  13|0x0000000705a00000, 0x0000000705c00000, 0x0000000705c00000|100%| O|  |TAMS 0x0000000705a00000| PB 0x0000000705a00000| Untracked 
|  14|0x0000000705c00000, 0x0000000705e00000, 0x0000000705e00000|100%| O|  |TAMS 0x0000000705c00000| PB 0x0000000705c00000| Untracked 
|  15|0x0000000705e00000, 0x0000000706000000, 0x0000000706000000|100%| O|  |TAMS 0x0000000705e00000| PB 0x0000000705e00000| Untracked 
|  16|0x0000000706000000, 0x0000000706200000, 0x0000000706200000|100%| O|  |TAMS 0x0000000706000000| PB 0x0000000706000000| Untracked 
|  17|0x0000000706200000, 0x0000000706400000, 0x0000000706400000|100%| O|  |TAMS 0x0000000706200000| PB 0x0000000706200000| Untracked 
|  18|0x0000000706400000, 0x0000000706400000, 0x0000000706600000|  0%| F|  |TAMS 0x0000000706400000| PB 0x0000000706400000| Untracked 
|  19|0x0000000706600000, 0x0000000706600000, 0x0000000706800000|  0%| F|  |TAMS 0x0000000706600000| PB 0x0000000706600000| Untracked 
|  20|0x0000000706800000, 0x0000000706800000, 0x0000000706a00000|  0%| F|  |TAMS 0x0000000706800000| PB 0x0000000706800000| Untracked 
|  21|0x0000000706a00000, 0x0000000706a00000, 0x0000000706c00000|  0%| F|  |TAMS 0x0000000706a00000| PB 0x0000000706a00000| Untracked 
|  22|0x0000000706c00000, 0x0000000706c00000, 0x0000000706e00000|  0%| F|  |TAMS 0x0000000706c00000| PB 0x0000000706c00000| Untracked 
|  23|0x0000000706e00000, 0x0000000706e7bf48, 0x0000000707000000| 24%| S|CS|TAMS 0x0000000706e00000| PB 0x0000000706e00000| Complete 
|  24|0x0000000707000000, 0x0000000707200000, 0x0000000707200000|100%| S|CS|TAMS 0x0000000707000000| PB 0x0000000707000000| Complete 
|  25|0x0000000707200000, 0x0000000707200000, 0x0000000707400000|  0%| F|  |TAMS 0x0000000707200000| PB 0x0000000707200000| Untracked 
|  26|0x0000000707400000, 0x0000000707400000, 0x0000000707600000|  0%| F|  |TAMS 0x0000000707400000| PB 0x0000000707400000| Untracked 
|  27|0x0000000707600000, 0x0000000707600000, 0x0000000707800000|  0%| F|  |TAMS 0x0000000707600000| PB 0x0000000707600000| Untracked 
|  28|0x0000000707800000, 0x0000000707800000, 0x0000000707a00000|  0%| F|  |TAMS 0x0000000707800000| PB 0x0000000707800000| Untracked 
|  29|0x0000000707a00000, 0x0000000707a00000, 0x0000000707c00000|  0%| F|  |TAMS 0x0000000707a00000| PB 0x0000000707a00000| Untracked 
|  30|0x0000000707c00000, 0x0000000707c00000, 0x0000000707e00000|  0%| F|  |TAMS 0x0000000707c00000| PB 0x0000000707c00000| Untracked 
|  31|0x0000000707e00000, 0x0000000707e00000, 0x0000000708000000|  0%| F|  |TAMS 0x0000000707e00000| PB 0x0000000707e00000| Untracked 
|  32|0x0000000708000000, 0x0000000708000000, 0x0000000708200000|  0%| F|  |TAMS 0x0000000708000000| PB 0x0000000708000000| Untracked 
|  33|0x0000000708200000, 0x0000000708200000, 0x0000000708400000|  0%| F|  |TAMS 0x0000000708200000| PB 0x0000000708200000| Untracked 
|  34|0x0000000708400000, 0x0000000708400000, 0x0000000708600000|  0%| F|  |TAMS 0x0000000708400000| PB 0x0000000708400000| Untracked 
|  35|0x0000000708600000, 0x0000000708600000, 0x0000000708800000|  0%| F|  |TAMS 0x0000000708600000| PB 0x0000000708600000| Untracked 
|  99|0x0000000710600000, 0x0000000710600000, 0x0000000710800000|  0%| F|  |TAMS 0x0000000710600000| PB 0x0000000710600000| Untracked 
| 100|0x0000000710800000, 0x0000000710800000, 0x0000000710a00000|  0%| F|  |TAMS 0x0000000710800000| PB 0x0000000710800000| Untracked 
| 101|0x0000000710a00000, 0x0000000710a00000, 0x0000000710c00000|  0%| F|  |TAMS 0x0000000710a00000| PB 0x0000000710a00000| Untracked 
| 125|0x0000000713a00000, 0x0000000713a00000, 0x0000000713c00000|  0%| F|  |TAMS 0x0000000713a00000| PB 0x0000000713a00000| Untracked 
|2015|0x00000007ffe00000, 0x00000007ffe00000, 0x0000000800000000|  0%| F|  |TAMS 0x00000007ffe00000| PB 0x00000007ffe00000| Untracked 

Card table byte_map: [0x00000238e2d90000,0x00000238e3570000] _byte_map_base: 0x00000238df570000

Marking Bits: (CMBitMap*) 0x00000238d5316540
 Bits: [0x00000238e3570000, 0x00000238e7470000)

Polling page: 0x00000238d4f80000

Metaspace:

Usage:
  Non-class:     45.17 MB used.
      Class:      7.98 MB used.
       Both:     53.15 MB used.

Virtual space:
  Non-class space:       64.00 MB reserved,      45.69 MB ( 71%) committed,  1 nodes.
      Class space:        1.00 GB reserved,       8.38 MB ( <1%) committed,  1 nodes.
             Both:        1.06 GB reserved,      54.06 MB (  5%) committed. 

Chunk freelists:
   Non-Class:  2.39 MB
       Class:  7.76 MB
        Both:  10.15 MB

MaxMetaspaceSize: unlimited
CompressedClassSpaceSize: 1.00 GB
Initial GC threshold: 21.00 MB
Current GC threshold: 90.00 MB
CDS: on
 - commit_granule_bytes: 65536.
 - commit_granule_words: 8192.
 - virtual_space_node_default_size: 8388608.
 - enlarge_chunks_in_place: 1.
 - use_allocation_guard: 0.


Internal statistics:

num_allocs_failed_limit: 6.
num_arena_births: 1816.
num_arena_deaths: 956.
num_vsnodes_births: 2.
num_vsnodes_deaths: 0.
num_space_committed: 865.
num_space_uncommitted: 0.
num_chunks_returned_to_freelist: 1218.
num_chunks_taken_from_freelist: 4460.
num_chunk_merges: 278.
num_chunk_splits: 2476.
num_chunks_enlarged: 1667.
num_inconsistent_stats: 0.

CodeCache: size=49152Kb used=17230Kb max_used=19245Kb free=31921Kb
 bounds [0x00000238ded10000, 0x00000238e00e0000, 0x00000238e1d10000]
 total_blobs=9144 nmethods=8472 adapters=595
 compilation: enabled
              stopped_count=0, restarted_count=0
 full_count=0

Compilation events (20 events):
Event: 4247.823 Thread 0x00000238e9f86b60 15518       1       com.fasterxml.jackson.databind.introspect.JacksonAnnotationIntrospector::findCreatorAnnotation (81 bytes)
Event: 4247.827 Thread 0x00000238e9f86b60 nmethod 15518 0x00000238df50dd90 code [0x00000238df50dfa0, 0x00000238df50e4b8]
Event: 4247.827 Thread 0x00000238e9f86b60 15521       1       com.fasterxml.jackson.databind.type.TypeBindings::hashCode (5 bytes)
Event: 4247.827 Thread 0x00000238e9f86b60 nmethod 15521 0x00000238dee6ac90 code [0x00000238dee6ae20, 0x00000238dee6aee8]
Event: 4247.827 Thread 0x00000238e9f86b60 15520       1       java.util.ArrayList::set (24 bytes)
Event: 4247.828 Thread 0x00000238e9f86b60 nmethod 15520 0x00000238df00c590 code [0x00000238df00c740, 0x00000238df00c950]
Event: 4247.828 Thread 0x00000238e9f86b60 15519       1       com.fasterxml.jackson.databind.introspect.AnnotatedMethod::getType (17 bytes)
Event: 4247.838 Thread 0x00000238e9f86b60 nmethod 15519 0x00000238def14110 code [0x00000238def14320, 0x00000238def14998]
Event: 4247.838 Thread 0x00000238e9f86b60 15523       1       com.fasterxml.jackson.databind.introspect.AnnotationIntrospectorPair::findUnwrappingNameTransformer (26 bytes)
Event: 4247.838 Thread 0x00000238e9f86b60 nmethod 15523 0x00000238df046890 code [0x00000238df046a40, 0x00000238df046b90]
Event: 4247.838 Thread 0x00000238e9f86b60 15513       1       com.fasterxml.jackson.databind.deser.BeanDeserializerFactory::createBeanDeserializer (216 bytes)
Event: 4247.843 Thread 0x00000238e9f86b60 nmethod 15513 0x00000238df30f510 code [0x00000238df30f7c0, 0x00000238df30ff60]
Event: 4247.843 Thread 0x00000238e9f86b60 15515       1       com.fasterxml.jackson.databind.JavaType::isThrowable (10 bytes)
Event: 4247.843 Thread 0x00000238e9f86b60 nmethod 15515 0x00000238defd8b10 code [0x00000238defd8cc0, 0x00000238defd8db0]
Event: 4247.843 Thread 0x00000238e9f86b60 15517       1       com.fasterxml.jackson.databind.deser.BasicDeserializerFactory::findDefaultDeserializer (354 bytes)
Event: 4247.851 Thread 0x00000238e9f86b60 nmethod 15517 0x00000238df559210 code [0x00000238df559580, 0x00000238df55a2c8]
Event: 4247.851 Thread 0x00000238e9f86b60 15524       1       com.fasterxml.jackson.annotation.JsonIgnoreProperties$Value::withOverrides (117 bytes)
Event: 4247.852 Thread 0x00000238e9f86b60 nmethod 15524 0x00000238df9fc890 code [0x00000238df9fca80, 0x00000238df9fce40]
Event: 4247.852 Thread 0x00000238e9f86b60 15522       1       com.fasterxml.jackson.databind.deser.Deserializers$Base::findBeanDeserializer (2 bytes)
Event: 4247.852 Thread 0x00000238e9f86b60 nmethod 15522 0x00000238deeafa10 code [0x00000238deeafba0, 0x00000238deeafc70]

GC Heap History (20 events):
Event: 3637.254 GC heap after
{Heap after GC invocations=155 (full 0):
 garbage-first heap   total 83968K, used 37156K [0x0000000704000000, 0x0000000800000000)
  region size 2048K, 1 young (2048K), 1 survivors (2048K)
 Metaspace       used 54423K, committed 55360K, reserved 1114112K
  class space    used 8167K, committed 8576K, reserved 1048576K
}
Event: 3701.182 GC heap before
{Heap before GC invocations=155 (full 0):
 garbage-first heap   total 83968K, used 74020K [0x0000000704000000, 0x0000000800000000)
  region size 2048K, 19 young (38912K), 1 survivors (2048K)
 Metaspace       used 54423K, committed 55360K, reserved 1114112K
  class space    used 8167K, committed 8576K, reserved 1048576K
}
Event: 3701.216 GC heap after
{Heap after GC invocations=156 (full 0):
 garbage-first heap   total 83968K, used 36837K [0x0000000704000000, 0x0000000800000000)
  region size 2048K, 1 young (2048K), 1 survivors (2048K)
 Metaspace       used 54423K, committed 55360K, reserved 1114112K
  class space    used 8167K, committed 8576K, reserved 1048576K
}
Event: 3768.435 GC heap before
{Heap before GC invocations=157 (full 0):
 garbage-first heap   total 83968K, used 73701K [0x0000000704000000, 0x0000000800000000)
  region size 2048K, 19 young (38912K), 1 survivors (2048K)
 Metaspace       used 54428K, committed 55360K, reserved 1114112K
  class space    used 8169K, committed 8576K, reserved 1048576K
}
Event: 3768.442 GC heap after
{Heap after GC invocations=158 (full 0):
 garbage-first heap   total 83968K, used 36869K [0x0000000704000000, 0x0000000800000000)
  region size 2048K, 1 young (2048K), 1 survivors (2048K)
 Metaspace       used 54428K, committed 55360K, reserved 1114112K
  class space    used 8169K, committed 8576K, reserved 1048576K
}
Event: 3839.788 GC heap before
{Heap before GC invocations=158 (full 0):
 garbage-first heap   total 83968K, used 73733K [0x0000000704000000, 0x0000000800000000)
  region size 2048K, 19 young (38912K), 1 survivors (2048K)
 Metaspace       used 54428K, committed 55360K, reserved 1114112K
  class space    used 8169K, committed 8576K, reserved 1048576K
}
Event: 3839.857 GC heap after
{Heap after GC invocations=159 (full 0):
 garbage-first heap   total 83968K, used 37090K [0x0000000704000000, 0x0000000800000000)
  region size 2048K, 1 young (2048K), 1 survivors (2048K)
 Metaspace       used 54428K, committed 55360K, reserved 1114112K
  class space    used 8169K, committed 8576K, reserved 1048576K
}
Event: 3916.092 GC heap before
{Heap before GC invocations=160 (full 0):
 garbage-first heap   total 83968K, used 73954K [0x0000000704000000, 0x0000000800000000)
  region size 2048K, 19 young (38912K), 1 survivors (2048K)
 Metaspace       used 54427K, committed 55360K, reserved 1114112K
  class space    used 8169K, committed 8576K, reserved 1048576K
}
Event: 3916.110 GC heap after
{Heap after GC invocations=161 (full 0):
 garbage-first heap   total 83968K, used 37070K [0x0000000704000000, 0x0000000800000000)
  region size 2048K, 1 young (2048K), 1 survivors (2048K)
 Metaspace       used 54427K, committed 55360K, reserved 1114112K
  class space    used 8169K, committed 8576K, reserved 1048576K
}
Event: 3986.976 GC heap before
{Heap before GC invocations=161 (full 0):
 garbage-first heap   total 83968K, used 73934K [0x0000000704000000, 0x0000000800000000)
  region size 2048K, 19 young (38912K), 1 survivors (2048K)
 Metaspace       used 54427K, committed 55360K, reserved 1114112K
  class space    used 8169K, committed 8576K, reserved 1048576K
}
Event: 3986.998 GC heap after
{Heap after GC invocations=162 (full 0):
 garbage-first heap   total 83968K, used 37180K [0x0000000704000000, 0x0000000800000000)
  region size 2048K, 1 young (2048K), 1 survivors (2048K)
 Metaspace       used 54427K, committed 55360K, reserved 1114112K
  class space    used 8169K, committed 8576K, reserved 1048576K
}
Event: 4042.685 GC heap before
{Heap before GC invocations=163 (full 0):
 garbage-first heap   total 83968K, used 74044K [0x0000000704000000, 0x0000000800000000)
  region size 2048K, 19 young (38912K), 1 survivors (2048K)
 Metaspace       used 54427K, committed 55360K, reserved 1114112K
  class space    used 8169K, committed 8576K, reserved 1048576K
}
Event: 4042.694 GC heap after
{Heap after GC invocations=164 (full 0):
 garbage-first heap   total 83968K, used 37366K [0x0000000704000000, 0x0000000800000000)
  region size 2048K, 1 young (2048K), 1 survivors (2048K)
 Metaspace       used 54427K, committed 55360K, reserved 1114112K
  class space    used 8169K, committed 8576K, reserved 1048576K
}
Event: 4093.238 GC heap before
{Heap before GC invocations=164 (full 0):
 garbage-first heap   total 83968K, used 74230K [0x0000000704000000, 0x0000000800000000)
  region size 2048K, 19 young (38912K), 1 survivors (2048K)
 Metaspace       used 54427K, committed 55360K, reserved 1114112K
  class space    used 8169K, committed 8576K, reserved 1048576K
}
Event: 4093.507 GC heap after
{Heap after GC invocations=165 (full 0):
 garbage-first heap   total 83968K, used 37724K [0x0000000704000000, 0x0000000800000000)
  region size 2048K, 2 young (4096K), 2 survivors (4096K)
 Metaspace       used 54427K, committed 55360K, reserved 1114112K
  class space    used 8169K, committed 8576K, reserved 1048576K
}
Event: 4159.086 GC heap before
{Heap before GC invocations=166 (full 0):
 garbage-first heap   total 83968K, used 70492K [0x0000000704000000, 0x0000000800000000)
  region size 2048K, 18 young (36864K), 2 survivors (4096K)
 Metaspace       used 54427K, committed 55360K, reserved 1114112K
  class space    used 8169K, committed 8576K, reserved 1048576K
}
Event: 4159.101 GC heap after
{Heap after GC invocations=167 (full 0):
 garbage-first heap   total 83968K, used 37630K [0x0000000704000000, 0x0000000800000000)
  region size 2048K, 2 young (4096K), 2 survivors (4096K)
 Metaspace       used 54427K, committed 55360K, reserved 1114112K
  class space    used 8169K, committed 8576K, reserved 1048576K
}
Event: 4209.778 GC heap before
{Heap before GC invocations=167 (full 0):
 garbage-first heap   total 83968K, used 70398K [0x0000000704000000, 0x0000000800000000)
  region size 2048K, 18 young (36864K), 2 survivors (4096K)
 Metaspace       used 54427K, committed 55360K, reserved 1114112K
  class space    used 8169K, committed 8576K, reserved 1048576K
}
Event: 4209.804 GC heap after
{Heap after GC invocations=168 (full 0):
 garbage-first heap   total 83968K, used 37802K [0x0000000704000000, 0x0000000800000000)
  region size 2048K, 2 young (4096K), 2 survivors (4096K)
 Metaspace       used 54427K, committed 55360K, reserved 1114112K
  class space    used 8169K, committed 8576K, reserved 1048576K
}
Event: 4270.802 GC heap before
{Heap before GC invocations=169 (full 0):
 garbage-first heap   total 83968K, used 70570K [0x0000000704000000, 0x0000000800000000)
  region size 2048K, 18 young (36864K), 2 survivors (4096K)
 Metaspace       used 54429K, committed 55360K, reserved 1114112K
  class space    used 8170K, committed 8576K, reserved 1048576K
}

Dll operation events (10 events):
Event: 0.013 Loaded shared library C:\Users\TU QUANG CHUONG\.jdks\openjdk-21.0.2\bin\java.dll
Event: 0.295 Loaded shared library C:\Users\TU QUANG CHUONG\.jdks\openjdk-21.0.2\bin\net.dll
Event: 0.297 Loaded shared library C:\Users\TU QUANG CHUONG\.jdks\openjdk-21.0.2\bin\nio.dll
Event: 0.334 Loaded shared library C:\Users\TU QUANG CHUONG\.jdks\openjdk-21.0.2\bin\zip.dll
Event: 0.732 Loaded shared library C:\Users\TU QUANG CHUONG\.jdks\openjdk-21.0.2\bin\jimage.dll
Event: 34.302 Loaded shared library C:\Users\TU QUANG CHUONG\.jdks\openjdk-21.0.2\bin\management.dll
Event: 34.322 Loaded shared library C:\Users\TU QUANG CHUONG\.jdks\openjdk-21.0.2\bin\management_ext.dll
Event: 41.187 Loaded shared library C:\Users\TU QUANG CHUONG\.jdks\openjdk-21.0.2\bin\verify.dll
Event: 42.393 Loaded shared library C:\Users\TU QUANG CHUONG\.jdks\openjdk-21.0.2\bin\extnet.dll
Event: 43.551 Loaded shared library C:\Users\TU QUANG CHUONG\.jdks\openjdk-21.0.2\bin\sunmscapi.dll

Deoptimization events (20 events):
Event: 97.575 Thread 0x00000238f093f9a0 DEOPT PACKING pc=0x00000238dfacbdc4 sp=0x0000004c829fbbf0
Event: 97.575 Thread 0x00000238f093ec80 DEOPT PACKING pc=0x00000238dfacbdc4 sp=0x0000004c826fb5f0
Event: 97.575 Thread 0x00000238f093f9a0 DEOPT UNPACKING pc=0x00000238ded688e2 sp=0x0000004c829fb120 mode 0
Event: 97.575 Thread 0x00000238f093f9a0 DEOPT PACKING pc=0x00000238dfacbdc4 sp=0x0000004c829fc580
Event: 97.575 Thread 0x00000238f093ec80 DEOPT UNPACKING pc=0x00000238ded688e2 sp=0x0000004c826fab20 mode 0
Event: 97.575 Thread 0x00000238f093f9a0 DEOPT UNPACKING pc=0x00000238ded688e2 sp=0x0000004c829fbab0 mode 0
Event: 97.575 Thread 0x00000238f093f9a0 DEOPT PACKING pc=0x00000238dfacbdc4 sp=0x0000004c829fd450
Event: 97.575 Thread 0x00000238f093f9a0 DEOPT UNPACKING pc=0x00000238ded688e2 sp=0x0000004c829fc980 mode 0
Event: 97.575 Thread 0x00000238f093f9a0 DEOPT PACKING pc=0x00000238dfacbdc4 sp=0x0000004c829fe150
Event: 97.575 Thread 0x00000238f093f9a0 DEOPT UNPACKING pc=0x00000238ded688e2 sp=0x0000004c829fd690 mode 0
Event: 97.575 Thread 0x00000238f093be90 DEOPT PACKING pc=0x00000238dfacbdc4 sp=0x0000004c828f7a10
Event: 97.575 Thread 0x00000238f093be90 DEOPT UNPACKING pc=0x00000238ded688e2 sp=0x0000004c828f6f50 mode 0
Event: 97.575 Thread 0x00000238f093be90 DEOPT PACKING pc=0x00000238dfacbdc4 sp=0x0000004c828f8d20
Event: 97.575 Thread 0x00000238f093be90 DEOPT UNPACKING pc=0x00000238ded688e2 sp=0x0000004c828f8250 mode 0
Event: 97.575 Thread 0x00000238f093be90 DEOPT PACKING pc=0x00000238dfacbdc4 sp=0x0000004c828fbd00
Event: 97.575 Thread 0x00000238f093be90 DEOPT UNPACKING pc=0x00000238ded688e2 sp=0x0000004c828fb230 mode 0
Event: 97.575 Thread 0x00000238f093be90 DEOPT PACKING pc=0x00000238dfacbdc4 sp=0x0000004c828fcbf0
Event: 97.575 Thread 0x00000238f093be90 DEOPT UNPACKING pc=0x00000238ded688e2 sp=0x0000004c828fc120 mode 0
Event: 97.575 Thread 0x00000238f093be90 DEOPT PACKING pc=0x00000238dfacbdc4 sp=0x0000004c828fd980
Event: 97.575 Thread 0x00000238f093be90 DEOPT UNPACKING pc=0x00000238ded688e2 sp=0x0000004c828fceb0 mode 0

Classes loaded (20 events):
Event: 98.313 Loading class java/util/Base64$Encoder
Event: 98.313 Loading class java/util/Base64$Encoder done
Event: 98.468 Loading class sun/nio/ch/IOVecWrapper
Event: 98.468 Loading class sun/nio/ch/IOVecWrapper done
Event: 98.469 Loading class sun/nio/ch/AllocatedNativeObject
Event: 98.469 Loading class sun/nio/ch/NativeObject
Event: 98.469 Loading class sun/nio/ch/NativeObject done
Event: 98.469 Loading class sun/nio/ch/AllocatedNativeObject done
Event: 98.469 Loading class sun/nio/ch/IOVecWrapper$Deallocator
Event: 98.470 Loading class sun/nio/ch/IOVecWrapper$Deallocator done
Event: 132.315 Loading class java/util/concurrent/ConcurrentSkipListMap$SubMap
Event: 132.317 Loading class java/util/concurrent/ConcurrentSkipListMap$SubMap done
Event: 132.317 Loading class java/util/concurrent/ConcurrentSkipListMap$Values
Event: 132.318 Loading class java/util/concurrent/ConcurrentSkipListMap$Values done
Event: 132.318 Loading class java/util/concurrent/ConcurrentSkipListMap$SubMap$SubMapValueIterator
Event: 132.318 Loading class java/util/concurrent/ConcurrentSkipListMap$SubMap$SubMapIter
Event: 132.318 Loading class java/util/concurrent/ConcurrentSkipListMap$SubMap$SubMapIter done
Event: 132.318 Loading class java/util/concurrent/ConcurrentSkipListMap$SubMap$SubMapValueIterator done
Event: 413.287 Loading class java/util/ArrayList$SubList$2
Event: 413.290 Loading class java/util/ArrayList$SubList$2 done

Classes unloaded (20 events):
Event: 2895.512 Thread 0x00000238e9f58e70 Unloading class 0x000002388171e000 'java/lang/invoke/LambdaForm$MH+0x000002388171e000'
Event: 2895.512 Thread 0x00000238e9f58e70 Unloading class 0x000002388174a800 'java/lang/invoke/LambdaForm$MH+0x000002388174a800'
Event: 2895.512 Thread 0x00000238e9f58e70 Unloading class 0x00000238817b5400 'java/lang/invoke/LambdaForm$MH+0x00000238817b5400'
Event: 2895.512 Thread 0x00000238e9f58e70 Unloading class 0x000002388180b000 'java/lang/invoke/LambdaForm$MH+0x000002388180b000'
Event: 2895.512 Thread 0x00000238e9f58e70 Unloading class 0x00000238817f0000 'java/lang/invoke/LambdaForm$MH+0x00000238817f0000'
Event: 3203.345 Thread 0x00000238e9f58e70 Unloading class 0x00000238816fc800 'java/lang/invoke/LambdaForm$MH+0x00000238816fc800'
Event: 3203.345 Thread 0x00000238e9f58e70 Unloading class 0x0000023881710c00 'java/lang/invoke/LambdaForm$MH+0x0000023881710c00'
Event: 3203.346 Thread 0x00000238e9f58e70 Unloading class 0x000002388101ac00 'java/lang/invoke/LambdaForm$MH+0x000002388101ac00'
Event: 3407.711 Thread 0x00000238e9f58e70 Unloading class 0x0000023881830c00 'java/lang/invoke/LambdaForm$MH+0x0000023881830c00'
Event: 3407.711 Thread 0x00000238e9f58e70 Unloading class 0x0000023881831800 'java/lang/invoke/LambdaForm$MH+0x0000023881831800'
Event: 3407.711 Thread 0x00000238e9f58e70 Unloading class 0x0000023881830400 'java/lang/invoke/LambdaForm$MH+0x0000023881830400'
Event: 3587.353 Thread 0x00000238e9f58e70 Unloading class 0x000002388174e400 'java/lang/invoke/LambdaForm$MH+0x000002388174e400'
Event: 3587.353 Thread 0x00000238e9f58e70 Unloading class 0x0000023881718400 'java/lang/invoke/LambdaForm$MH+0x0000023881718400'
Event: 3701.377 Thread 0x00000238e9f58e70 Unloading class 0x000002388174a800 'java/lang/invoke/LambdaForm$MH+0x000002388174a800'
Event: 3701.377 Thread 0x00000238e9f58e70 Unloading class 0x000002388171e000 'java/lang/invoke/LambdaForm$MH+0x000002388171e000'
Event: 3701.377 Thread 0x00000238e9f58e70 Unloading class 0x000002388171d800 'java/lang/invoke/LambdaForm$DMH+0x000002388171d800'
Event: 3701.377 Thread 0x00000238e9f58e70 Unloading class 0x0000023881809800 'java/lang/invoke/LambdaForm$DMH+0x0000023881809800'
Event: 3701.377 Thread 0x00000238e9f58e70 Unloading class 0x0000023881710800 'java/lang/invoke/LambdaForm$MH+0x0000023881710800'
Event: 3701.377 Thread 0x00000238e9f58e70 Unloading class 0x0000023881803800 'java/lang/invoke/LambdaForm$DMH+0x0000023881803800'
Event: 3839.998 Thread 0x00000238e9f58e70 Unloading class 0x000002388101b400 'java/lang/invoke/LambdaForm$MH+0x000002388101b400'

Classes redefined (0 events):
No events

Internal exceptions (20 events):
Event: 97.657 Thread 0x00000238f092ac40 Exception <a 'java/lang/NoSuchMethodError'{0x0000000706ebe178}: 'java.lang.Object java.lang.invoke.DirectMethodHandle$Holder.newInvokeSpecial(java.lang.Object, java.lang.Object, java.lang.Object, java.lang.Object, int, java.lang.Object)'> (0x0000000706ebe178) 
thrown [s\open\src\hotspot\share\interpreter\linkResolver.cpp, line 773]
Event: 97.658 Thread 0x00000238f0928b70 Exception <a 'java/lang/NoSuchMethodError'{0x0000000706ee0658}: 'java.lang.Object java.lang.invoke.DirectMethodHandle$Holder.invokeSpecial(java.lang.Object, java.lang.Object, java.lang.Object, java.lang.Object, java.lang.Object, int, java.lang.Object)'> (0x0000000706ee0658) 
thrown [s\open\src\hotspot\share\interpreter\linkResolver.cpp, line 773]
Event: 97.658 Thread 0x00000238d52b5880 Exception <a 'java/lang/NoSuchMethodError'{0x0000000706ed4c10}: 'java.lang.Object java.lang.invoke.DirectMethodHandle$Holder.invokeSpecial(java.lang.Object, java.lang.Object, java.lang.Object, java.lang.Object, java.lang.Object, int, java.lang.Object)'> (0x0000000706ed4c10) 
thrown [s\open\src\hotspot\share\interpreter\linkResolver.cpp, line 773]
Event: 97.658 Thread 0x00000238f093cbb0 Exception <a 'java/lang/NoSuchMethodError'{0x0000000706eced70}: 'java.lang.Object java.lang.invoke.DirectMethodHandle$Holder.invokeSpecial(java.lang.Object, java.lang.Object, java.lang.Object, java.lang.Object, java.lang.Object, int, java.lang.Object)'> (0x0000000706eced70) 
thrown [s\open\src\hotspot\share\interpreter\linkResolver.cpp, line 773]
Event: 97.658 Thread 0x00000238f0940d50 Exception <a 'java/lang/NoSuchMethodError'{0x0000000706ecb120}: 'java.lang.Object java.lang.invoke.DirectMethodHandle$Holder.invokeSpecial(java.lang.Object, java.lang.Object, java.lang.Object, java.lang.Object, java.lang.Object, int, java.lang.Object)'> (0x0000000706ecb120) 
thrown [s\open\src\hotspot\share\interpreter\linkResolver.cpp, line 773]
Event: 97.658 Thread 0x00000238f092ac40 Exception <a 'java/lang/NoSuchMethodError'{0x0000000706edb918}: 'java.lang.Object java.lang.invoke.DirectMethodHandle$Holder.invokeSpecial(java.lang.Object, java.lang.Object, java.lang.Object, java.lang.Object, java.lang.Object, int, java.lang.Object)'> (0x0000000706edb918) 
thrown [s\open\src\hotspot\share\interpreter\linkResolver.cpp, line 773]
Event: 97.658 Thread 0x00000238d52b5880 Exception <a 'java/lang/NoSuchMethodError'{0x0000000706ed82c0}: 'java.lang.Object java.lang.invoke.Invokers$Holder.linkToTargetMethod(java.lang.Object, java.lang.Object, java.lang.Object, int, java.lang.Object, java.lang.Object)'> (0x0000000706ed82c0) 
thrown [s\open\src\hotspot\share\interpreter\linkResolver.cpp, line 773]
Event: 97.658 Thread 0x00000238f0928b70 Exception <a 'java/lang/NoSuchMethodError'{0x0000000706ee3cb8}: 'java.lang.Object java.lang.invoke.Invokers$Holder.linkToTargetMethod(java.lang.Object, java.lang.Object, java.lang.Object, int, java.lang.Object, java.lang.Object)'> (0x0000000706ee3cb8) 
thrown [s\open\src\hotspot\share\interpreter\linkResolver.cpp, line 773]
Event: 97.658 Thread 0x00000238f092a5b0 Exception <a 'java/lang/NoSuchMethodError'{0x0000000706eb7a10}: 'java.lang.Object java.lang.invoke.Invokers$Holder.linkToTargetMethod(java.lang.Object, java.lang.Object, java.lang.Object, int, java.lang.Object, java.lang.Object)'> (0x0000000706eb7a10) 
thrown [s\open\src\hotspot\share\interpreter\linkResolver.cpp, line 773]
Event: 97.658 Thread 0x00000238f093cbb0 Exception <a 'java/lang/NoSuchMethodError'{0x0000000706ed20d8}: 'java.lang.Object java.lang.invoke.Invokers$Holder.linkToTargetMethod(java.lang.Object, java.lang.Object, java.lang.Object, int, java.lang.Object, java.lang.Object)'> (0x0000000706ed20d8) 
thrown [s\open\src\hotspot\share\interpreter\linkResolver.cpp, line 773]
Event: 97.658 Thread 0x00000238f092ac40 Exception <a 'java/lang/NoSuchMethodError'{0x0000000706edec80}: 'java.lang.Object java.lang.invoke.Invokers$Holder.linkToTargetMethod(java.lang.Object, java.lang.Object, java.lang.Object, int, java.lang.Object, java.lang.Object)'> (0x0000000706edec80) 
thrown [s\open\src\hotspot\share\interpreter\linkResolver.cpp, line 773]
Event: 97.658 Thread 0x00000238f0940d50 Exception <a 'java/lang/NoSuchMethodError'{0x0000000706ee8cd0}: 'java.lang.Object java.lang.invoke.Invokers$Holder.linkToTargetMethod(java.lang.Object, java.lang.Object, java.lang.Object, int, java.lang.Object, java.lang.Object)'> (0x0000000706ee8cd0) 
thrown [s\open\src\hotspot\share\interpreter\linkResolver.cpp, line 773]
Event: 98.000 Thread 0x00000238d52b5880 Exception <a 'java/lang/NoSuchMethodError'{0x0000000706ca3988}: 'void java.lang.invoke.DirectMethodHandle$Holder.invokeStaticInit(java.lang.Object)'> (0x0000000706ca3988) 
thrown [s\open\src\hotspot\share\interpreter\linkResolver.cpp, line 773]
Event: 98.250 Thread 0x00000238f093f310 Exception <a 'java/lang/NoSuchMethodError'{0x0000000713b3f250}: 'java.lang.Object java.lang.invoke.DirectMethodHandle$Holder.newInvokeSpecial(java.lang.Object, java.lang.Object, java.lang.Object, java.lang.Object, java.lang.Object, java.lang.Object, java.lang.Object, java.lang.Object)'> (0x0000000713b3f250) 
thrown [s\open\src\hotspot\share\interpreter\linkResolver.cpp, line 773]
Event: 98.361 Thread 0x00000238f093f310 Exception <a 'java/lang/NoSuchMethodError'{0x00000007108eb490}: 'void java.lang.invoke.DirectMethodHandle$Holder.invokeStatic(java.lang.Object, java.lang.Object, long)'> (0x00000007108eb490) 
thrown [s\open\src\hotspot\share\interpreter\linkResolver.cpp, line 773]
Event: 98.459 Thread 0x00000238f093ec80 Exception <a 'java/lang/NoSuchMethodError'{0x0000000710751c28}: 'void java.lang.invoke.DirectMethodHandle$Holder.invokeSpecialIFC(java.lang.Object, java.lang.Object, java.lang.Object, java.lang.Object)'> (0x0000000710751c28) 
thrown [s\open\src\hotspot\share\interpreter\linkResolver.cpp, line 773]
Event: 98.494 Thread 0x00000238f092a5b0 Exception <a 'java/lang/NoSuchMethodError'{0x0000000710792c68}: 'void java.lang.invoke.DirectMethodHandle$Holder.invokeSpecial(java.lang.Object, java.lang.Object, long)'> (0x0000000710792c68) 
thrown [s\open\src\hotspot\share\interpreter\linkResolver.cpp, line 773]
Event: 98.496 Thread 0x00000238f092a5b0 Exception <a 'java/lang/NoSuchMethodError'{0x0000000710798300}: 'java.lang.Object java.lang.invoke.DirectMethodHandle$Holder.newInvokeSpecial(java.lang.Object, java.lang.Object, long)'> (0x0000000710798300) 
thrown [s\open\src\hotspot\share\interpreter\linkResolver.cpp, line 773]
Event: 98.630 Thread 0x00000238d52b5880 Exception <a 'java/lang/NoSuchMethodError'{0x00000007107dbc58}: 'void java.lang.invoke.DirectMethodHandle$Holder.invokeStatic(java.lang.Object, int, java.lang.Object)'> (0x00000007107dbc58) 
thrown [s\open\src\hotspot\share\interpreter\linkResolver.cpp, line 773]
Event: 413.285 Thread 0x00000238f093c520 Exception <a 'java/lang/NoSuchMethodError'{0x0000000706d49d70}: 'java.lang.Object java.lang.invoke.DirectMethodHandle$Holder.invokeStatic(java.lang.Object, int, int)'> (0x0000000706d49d70) 
thrown [s\open\src\hotspot\share\interpreter\linkResolver.cpp, line 773]

ZGC Phase Switch (0 events):
No events

VM Operations (20 events):
Event: 4148.570 Executing VM operation: RendezvousGCThreads done
Event: 4159.086 Executing VM operation: G1CollectForAllocation (G1 Evacuation Pause)
Event: 4159.101 Executing VM operation: G1CollectForAllocation (G1 Evacuation Pause) done
Event: 4208.746 Executing VM operation: HandshakeAllThreads (HandshakeForDeflation)
Event: 4208.746 Executing VM operation: HandshakeAllThreads (HandshakeForDeflation) done
Event: 4208.746 Executing VM operation: RendezvousGCThreads
Event: 4208.746 Executing VM operation: RendezvousGCThreads done
Event: 4209.778 Executing VM operation: G1CollectForAllocation (G1 Evacuation Pause)
Event: 4209.804 Executing VM operation: G1CollectForAllocation (G1 Evacuation Pause) done
Event: 4209.941 Executing VM operation: G1PauseRemark
Event: 4209.970 Executing VM operation: G1PauseRemark done
Event: 4209.983 Executing VM operation: G1PauseCleanup
Event: 4209.984 Executing VM operation: G1PauseCleanup done
Event: 4248.251 Executing VM operation: Cleanup
Event: 4248.251 Executing VM operation: Cleanup done
Event: 4268.899 Executing VM operation: HandshakeAllThreads (HandshakeForDeflation)
Event: 4268.899 Executing VM operation: HandshakeAllThreads (HandshakeForDeflation) done
Event: 4268.899 Executing VM operation: RendezvousGCThreads
Event: 4268.899 Executing VM operation: RendezvousGCThreads done
Event: 4270.802 Executing VM operation: G1CollectForAllocation (G1 Evacuation Pause)

Events (20 events):
Event: 4093.712 Thread 0x00000238e9f58e70 flushing nmethod 0x00000238def61690
Event: 4093.712 Thread 0x00000238e9f58e70 flushing nmethod 0x00000238def53390
Event: 4093.712 Thread 0x00000238e9f58e70 flushing nmethod 0x00000238def46b90
Event: 4093.712 Thread 0x00000238e9f58e70 flushing nmethod 0x00000238def14990
Event: 4093.712 Thread 0x00000238e9f58e70 flushing nmethod 0x00000238deec6290
Event: 4093.712 Thread 0x00000238e9f58e70 flushing nmethod 0x00000238deeafa10
Event: 4093.713 Thread 0x00000238e9f58e70 flushing nmethod 0x00000238dee7de10
Event: 4093.713 Thread 0x00000238e9f58e70 flushing nmethod 0x00000238dee63010
Event: 4093.713 Thread 0x00000238e9f58e70 flushing nmethod 0x00000238dee6ac90
Event: 4093.713 Thread 0x00000238e9f58e70 flushing nmethod 0x00000238dee38290
Event: 4093.713 Thread 0x00000238e9f58e70 flushing nmethod 0x00000238dee33990
Event: 4099.973 Thread 0x00000238f0942e20 Thread exited: 0x00000238f0942e20
Event: 4159.986 Thread 0x00000238f093df60 Thread exited: 0x00000238f093df60
Event: 4159.986 Thread 0x00000238f0941a70 Thread exited: 0x00000238f0941a70
Event: 4159.986 Thread 0x00000238f0942100 Thread exited: 0x00000238f0942100
Event: 4160.615 Thread 0x00000238f093df60 Thread added: 0x00000238f093df60
Event: 4160.615 Thread 0x00000238f0941a70 Thread added: 0x00000238f0941a70
Event: 4162.510 Thread 0x00000238f0942100 Thread added: 0x00000238f0942100
Event: 4162.510 Thread 0x00000238f0942790 Thread added: 0x00000238f0942790
Event: 4162.510 Thread 0x00000238f0942e20 Thread added: 0x00000238f0942e20


Dynamic libraries:
0x00007ff6601c0000 - 0x00007ff6601ce000 	C:\Users\TU QUANG CHUONG\.jdks\openjdk-21.0.2\bin\java.exe
0x00007ffec6b60000 - 0x00007ffec6dc7000 	C:\WINDOWS\SYSTEM32\ntdll.dll
0x00007ffec65b0000 - 0x00007ffec6679000 	C:\WINDOWS\System32\KERNEL32.DLL
0x00007ffec3f40000 - 0x00007ffec432f000 	C:\WINDOWS\System32\KERNELBASE.dll
0x00007ffec3cb0000 - 0x00007ffec3dfb000 	C:\WINDOWS\System32\ucrtbase.dll
0x00007ffe5b160000 - 0x00007ffe5b178000 	C:\Users\TU QUANG CHUONG\.jdks\openjdk-21.0.2\bin\jli.dll
0x00007ffec54c0000 - 0x00007ffec5685000 	C:\WINDOWS\System32\USER32.dll
0x00007ffec44b0000 - 0x00007ffec44d7000 	C:\WINDOWS\System32\win32u.dll
0x00007ffec62a0000 - 0x00007ffec62cb000 	C:\WINDOWS\System32\GDI32.dll
0x00007ffec4650000 - 0x00007ffec477c000 	C:\WINDOWS\System32\gdi32full.dll
0x00007ffec4400000 - 0x00007ffec44a3000 	C:\WINDOWS\System32\msvcp_win.dll
0x00007ffe5af90000 - 0x00007ffe5afab000 	C:\Users\TU QUANG CHUONG\.jdks\openjdk-21.0.2\bin\VCRUNTIME140.dll
0x00007ffea5450000 - 0x00007ffea56e3000 	C:\WINDOWS\WinSxS\amd64_microsoft.windows.common-controls_6595b64144ccf1df_6.0.26100.7309_none_3e05feeae336a044\COMCTL32.dll
0x00007ffec6700000 - 0x00007ffec67a9000 	C:\WINDOWS\System32\msvcrt.dll
0x00007ffec5480000 - 0x00007ffec54b1000 	C:\WINDOWS\System32\IMM32.DLL
0x00007ffe5b1f0000 - 0x00007ffe5b1fc000 	C:\Users\TU QUANG CHUONG\.jdks\openjdk-21.0.2\bin\vcruntime140_1.dll
0x00007ffe5af00000 - 0x00007ffe5af8e000 	C:\Users\TU QUANG CHUONG\.jdks\openjdk-21.0.2\bin\msvcp140.dll
0x00007ffe56450000 - 0x00007ffe57167000 	C:\Users\TU QUANG CHUONG\.jdks\openjdk-21.0.2\bin\server\jvm.dll
0x00007ffec64f0000 - 0x00007ffec65a4000 	C:\WINDOWS\System32\ADVAPI32.dll
0x00007ffec61f0000 - 0x00007ffec6296000 	C:\WINDOWS\System32\sechost.dll
0x00007ffec5b20000 - 0x00007ffec5c38000 	C:\WINDOWS\System32\RPCRT4.dll
0x00007ffec6470000 - 0x00007ffec64e4000 	C:\WINDOWS\System32\WS2_32.dll
0x00007ffec3b10000 - 0x00007ffec3b6e000 	C:\WINDOWS\SYSTEM32\POWRPROF.dll
0x00007ffec14a0000 - 0x00007ffec14d5000 	C:\WINDOWS\SYSTEM32\WINMM.dll
0x00007ffeb1600000 - 0x00007ffeb160b000 	C:\WINDOWS\SYSTEM32\VERSION.dll
0x00007ffec3af0000 - 0x00007ffec3b04000 	C:\WINDOWS\SYSTEM32\UMPDC.dll
0x00007ffec2a60000 - 0x00007ffec2a7b000 	C:\WINDOWS\SYSTEM32\kernel.appcore.dll
0x00007ffe5b150000 - 0x00007ffe5b15a000 	C:\Users\TU QUANG CHUONG\.jdks\openjdk-21.0.2\bin\jimage.dll
0x00007ffec11d0000 - 0x00007ffec1412000 	C:\WINDOWS\SYSTEM32\DBGHELP.DLL
0x00007ffec4990000 - 0x00007ffec4d15000 	C:\WINDOWS\System32\combase.dll
0x00007ffec5cb0000 - 0x00007ffec5d86000 	C:\WINDOWS\System32\OLEAUT32.dll
0x00007ffec1460000 - 0x00007ffec149c000 	C:\WINDOWS\SYSTEM32\dbgcore.DLL
0x00007ffec3e90000 - 0x00007ffec3f35000 	C:\WINDOWS\System32\bcryptPrimitives.dll
0x00007ffe5ae80000 - 0x00007ffe5ae9f000 	C:\Users\TU QUANG CHUONG\.jdks\openjdk-21.0.2\bin\java.dll
0x00007ffec4d20000 - 0x00007ffec5473000 	C:\WINDOWS\System32\SHELL32.dll
0x00007ffec44e0000 - 0x00007ffec464a000 	C:\WINDOWS\System32\wintypes.dll
0x00007ffec1890000 - 0x00007ffec20ee000 	C:\WINDOWS\SYSTEM32\windows.storage.dll
0x00007ffec6010000 - 0x00007ffec6105000 	C:\WINDOWS\System32\SHCORE.dll
0x00007ffec5c40000 - 0x00007ffec5ca6000 	C:\WINDOWS\System32\shlwapi.dll
0x00007ffec3bd0000 - 0x00007ffec3bf9000 	C:\WINDOWS\SYSTEM32\profapi.dll
0x00007ffe5ae50000 - 0x00007ffe5ae60000 	C:\Users\TU QUANG CHUONG\.jdks\openjdk-21.0.2\bin\net.dll
0x00007ffeb2920000 - 0x00007ffeb2a48000 	C:\WINDOWS\SYSTEM32\WINHTTP.dll
0x00007ffec2fd0000 - 0x00007ffec303b000 	C:\WINDOWS\system32\mswsock.dll
0x00007ffe5ae30000 - 0x00007ffe5ae46000 	C:\Users\TU QUANG CHUONG\.jdks\openjdk-21.0.2\bin\nio.dll
0x00007ffe5ae10000 - 0x00007ffe5ae28000 	C:\Users\TU QUANG CHUONG\.jdks\openjdk-21.0.2\bin\zip.dll
0x00007ffec2500000 - 0x00007ffec2534000 	C:\WINDOWS\SYSTEM32\IPHLPAPI.DLL
0x00007ffec4900000 - 0x00007ffec490a000 	C:\WINDOWS\System32\NSI.dll
0x00007ffec2540000 - 0x00007ffec266c000 	C:\WINDOWS\SYSTEM32\DNSAPI.dll
0x00007ffeb19a0000 - 0x00007ffeb19ab000 	C:\Windows\System32\rasadhlp.dll
0x00007ffebafc0000 - 0x00007ffebb046000 	C:\WINDOWS\System32\fwpuclnt.dll
0x00007ffec3290000 - 0x00007ffec32ab000 	C:\WINDOWS\SYSTEM32\CRYPTSP.dll
0x00007ffec29c0000 - 0x00007ffec29fa000 	C:\WINDOWS\system32\rsaenh.dll
0x00007ffec3080000 - 0x00007ffec30ab000 	C:\WINDOWS\SYSTEM32\USERENV.dll
0x00007ffec3ba0000 - 0x00007ffec3bca000 	C:\WINDOWS\SYSTEM32\bcrypt.dll
0x00007ffec32b0000 - 0x00007ffec32bc000 	C:\WINDOWS\SYSTEM32\CRYPTBASE.dll
0x00007ffe5ad80000 - 0x00007ffe5ad8a000 	C:\Users\TU QUANG CHUONG\.jdks\openjdk-21.0.2\bin\management.dll
0x00007ffe5ad60000 - 0x00007ffe5ad6b000 	C:\Users\TU QUANG CHUONG\.jdks\openjdk-21.0.2\bin\management_ext.dll
0x00007ffec5e20000 - 0x00007ffec5e28000 	C:\WINDOWS\System32\PSAPI.DLL
0x00007ffe5aed0000 - 0x00007ffe5aee0000 	C:\Users\TU QUANG CHUONG\.jdks\openjdk-21.0.2\bin\verify.dll
0x00007ffe5ad70000 - 0x00007ffe5ad79000 	C:\Users\TU QUANG CHUONG\.jdks\openjdk-21.0.2\bin\extnet.dll
0x00007ffe82e50000 - 0x00007ffe82e5e000 	C:\Users\TU QUANG CHUONG\.jdks\openjdk-21.0.2\bin\sunmscapi.dll
0x00007ffec4780000 - 0x00007ffec48f7000 	C:\WINDOWS\System32\CRYPT32.dll
0x00007ffec34b0000 - 0x00007ffec34e0000 	C:\WINDOWS\SYSTEM32\ncrypt.dll
0x00007ffec3460000 - 0x00007ffec349f000 	C:\WINDOWS\SYSTEM32\NTASN1.dll
0x00007ffe21710000 - 0x00007ffe21718000 	C:\WINDOWS\system32\wshunix.dll
0x00007ffe91730000 - 0x00007ffe91748000 	C:\WINDOWS\system32\napinsp.dll
0x00007ffe91710000 - 0x00007ffe91722000 	C:\WINDOWS\System32\winrnr.dll
0x00007ffe916e0000 - 0x00007ffe91702000 	C:\WINDOWS\system32\nlansp_c.dll
0x00007ffe916c0000 - 0x00007ffe916d6000 	C:\WINDOWS\system32\wshbth.dll
0x00007ffebae00000 - 0x00007ffebae1e000 	C:\WINDOWS\SYSTEM32\dhcpcsvc6.DLL
0x00007ffebac10000 - 0x00007ffebac33000 	C:\WINDOWS\SYSTEM32\dhcpcsvc.DLL

dbghelp: loaded successfully - version: 4.0.5 - missing functions: none
symbol engine: initialized successfully - sym options: 0x614 - pdb path: .;C:\Users\TU QUANG CHUONG\.jdks\openjdk-21.0.2\bin;C:\WINDOWS\SYSTEM32;C:\WINDOWS\WinSxS\amd64_microsoft.windows.common-controls_6595b64144ccf1df_6.0.26100.7309_none_3e05feeae336a044;C:\Users\TU QUANG CHUONG\.jdks\openjdk-21.0.2\bin\server

VM Arguments:
jvm_args: -XX:TieredStopAtLevel=1 
java_command: com.example.gateway.GatewayApplication
java_class_path (initial): D:\Buildd24_10\Buildd30_7\Buildd43\services\gateway\target\classes;C:\Users\TU QUANG CHUONG\.m2\repository\org\springframework\cloud\spring-cloud-starter-gateway\4.1.5\spring-cloud-starter-gateway-4.1.5.jar;C:\Users\TU QUANG CHUONG\.m2\repository\org\springframework\cloud\spring-cloud-starter\4.1.4\spring-cloud-starter-4.1.4.jar;C:\Users\TU QUANG CHUONG\.m2\repository\org\springframework\cloud\spring-cloud-context\4.1.4\spring-cloud-context-4.1.4.jar;C:\Users\TU QUANG CHUONG\.m2\repository\org\springframework\cloud\spring-cloud-commons\4.1.4\spring-cloud-commons-4.1.4.jar;C:\Users\TU QUANG CHUONG\.m2\repository\org\springframework\security\spring-security-rsa\1.1.3\spring-security-rsa-1.1.3.jar;C:\Users\TU QUANG CHUONG\.m2\repository\org\bouncycastle\bcprov-jdk18on\1.78\bcprov-jdk18on-1.78.jar;C:\Users\TU QUANG CHUONG\.m2\repository\org\springframework\cloud\spring-cloud-gateway-server\4.1.5\spring-cloud-gateway-server-4.1.5.jar;C:\Users\TU QUANG CHUONG\.m2\repository\io\projectreactor\addons\reactor-extra\3.5.2\reactor-extra-3.5.2.jar;C:\Users\TU QUANG CHUONG\.m2\repository\io\projectreactor\reactor-core\3.6.10\reactor-core-3.6.10.jar;C:\Users\TU QUANG CHUONG\.m2\repository\org\reactivestreams\reactive-streams\1.0.4\reactive-streams-1.0.4.jar;C:\Users\TU QUANG CHUONG\.m2\repository\com\fasterxml\jackson\datatype\jackson-datatype-jdk8\2.17.2\jackson-datatype-jdk8-2.17.2.jar;C:\Users\TU QUANG CHUONG\.m2\repository\com\fasterxml\jackson\module\jackson-module-parameter-names\2.17.2\jackson-module-parameter-names-2.17.2.jar;C:\Users\TU QUANG CHUONG\.m2\repository\io\projectreactor\netty\reactor-netty-http\1.1.22\reactor-netty-http-1.1.22.jar;C:\Users\TU QUANG CHUONG\.m2\repository\io\netty\netty-codec-http\4.1.113.Final\netty-codec-http-4.1.113.Final.jar;C:\Users\TU QUANG CHUONG\.m2\repository\io\netty\netty-common\4.1.113.Final\netty-common-4.1.113.Final.jar;C:\Users\TU QUANG CHUONG\.m2\repository\io\netty\netty-buffer\4.1.113.Final\netty-buffer-4.1.113.Final.jar;C:\Users\TU QUANG CHUONG\.m2\repository\io\netty\netty-transport\4.1.113.Final\netty-transport-4.1.113.Final.jar;C:\Users\TU QUANG CHUONG\.m2\repository\io\netty\netty-codec\4.1.113.Final\netty-codec-4.1.113.Final.jar;C:\Users\TU QUANG CHUONG\.m2\repository\io\netty\netty-handler\4.1.113.Final\netty-handler-4.1.113.Final.jar;C:\Users\TU QUANG CHUONG\.m2\repository\io\netty\netty-codec-http2\4.1.113.Final\netty-codec-http2-4.1.113.Final.jar;C:\Users\TU QUANG CHUONG\.m2\repository\io\netty\netty-resolver-dns\4.1.113.Final\netty-resolver-dns-4.1.113.Final.jar;C:\Users\TU QUANG CHUONG\.m2\repository\io\netty\netty-resolver\4.1.113.Final\netty-resolver-4.1.113.Final.jar;C:\Users\TU QUANG CHUONG\.m2\repository\io\netty\netty-codec-dns\4.1.113.Final\netty-codec-dns-4.1.113.Final.jar;C:\Users\TU QUANG CHUONG\.m2\repository\io\netty\netty-resolver-dns-native-macos\4.1.113.Final\netty-resolver-dns-native-macos-4.1.113.Final-osx-x86_64.jar;C:\Users\TU QUANG CHUONG\.m2\repository\io\netty\netty-resolver-dns-classes-macos\4.1.113.Final\netty-resolver-dns-classes-macos-4.1.113.Final.jar;C:\Users\TU QUANG CHUONG\.m2\repository\io\netty\netty-transport-native-epoll\4.1.113.Final\netty-transport-native-epoll-4.1.113.Final-linux-x86_64.jar;C:\Users\TU QUANG CHUONG\.m2\repository\io\netty\netty-transport-native-unix-common\4.1.113.Final\netty-transport-native-unix-common-4.1.113.Final.jar;C:\Users\TU QUANG CHUONG\.m2\repository\io\netty\netty-transport-classes-epoll\4.1.113.Final\netty-transport-classes-epoll-4.1.113.Final.jar;C:\Users\TU QUANG CHUONG\.m2\repository\io\projectreactor\netty\reactor-netty-core\1.1.22\reactor-netty-core-1.1.22.jar;C:\Users\TU QUANG CHUONG\.m2\repository\io\netty\netty-handler-proxy\4.1.113.Final\netty-handler-proxy-4.1.113.Final.jar;C:\Users\TU QUANG CHUONG\.m2\repository\io\netty\netty-codec-socks\4.1.113.Final\netty-codec-socks-4.1.113.Final.jar;C:\Users\TU QUANG CHUONG\.m2\repository\org\springframework\spring-web\6.1.13\spring-web-6.1.13.jar;C:\Users\TU QUANG CHUONG\.m2\repository\org\springframework\spring-webflux\6.1.13\spring-webflux-6.1.13.jar;C:\Users\TU QUANG CHUONG\.m2\repository\org\springframework\boot\spring-boot-actuator-autoconfigure\3.3.4\spring-boot-actuator-autoconfigure-3.3.4.jar;C:\Users\TU QUANG CHUONG\.m2\repository\org\springframework\boot\spring-boot-actuator\3.3.4\spring-boot-actuator-3.3.4.jar;C:\Users\TU QUANG CHUONG\.m2\repository\com\fasterxml\jackson\core\jackson-databind\2.17.2\jackson-databind-2.17.2.jar;C:\Users\TU QUANG CHUONG\.m2\repository\com\fasterxml\jackson\datatype\jackson-datatype-jsr310\2.17.2\jackson-datatype-jsr310-2.17.2.jar;C:\Users\TU QUANG CHUONG\.m2\repository\io\micrometer\micrometer-observation\1.13.4\micrometer-observation-1.13.4.jar;C:\Users\TU QUANG CHUONG\.m2\repository\io\micrometer\micrometer-commons\1.13.4\micrometer-commons-1.13.4.jar;C:\Users\TU QUANG CHUONG\.m2\repository\io\micrometer\micrometer-jakarta9\1.13.4\micrometer-jakarta9-1.13.4.jar;C:\Users\TU QUANG CHUONG\.m2\repository\io\micrometer\micrometer-core\1.13.4\micrometer-core-1.13.4.jar;C:\Users\TU QUANG CHUONG\.m2\repository\org\hdrhistogram\HdrHistogram\2.2.2\HdrHistogram-2.2.2.jar;C:\Users\TU QUANG CHUONG\.m2\repository\org\latencyutils\LatencyUtils\2.0.3\LatencyUtils-2.0.3.jar;C:\Users\TU QUANG CHUONG\.m2\repository\org\apache\tomcat\embed\tomcat-embed-el\10.1.30\tomcat-embed-el-10.1.30.jar;C:\Users\TU QUANG CHUONG\.m2\repository\org\hibernate\validator\hibernate-validator\8.0.1.Final\hibernate-validator-8.0.1.Final.jar;C:\Users\TU QUANG CHUONG\.m2\repository\jakarta\validation\jakarta.validation-api\3.0.2\jakarta.validation-api-3.0.2.jar;C:\Users\TU QUANG CHUONG\.m2\repository\org\jboss\logging\jboss-logging\3.5.3.Final\jboss-logging-3.5.3.Final.jar;C:\Users\TU QUANG CHUONG\.m2\repository\com\fasterxml\classmate\1.7.0\classmate-1.7.0.jar;C:\Users\TU QUANG CHUONG\.m2\repository\org\springframework\boot\spring-boot\3.3.4\spring-boot-3.3.4.jar;C:\Users\TU QUANG CHUONG\.m2\repository\org\springframework\spring-context\6.1.13\spring-context-6.1.13.jar;C:\Users\TU QUANG CHUONG\.m2\repository\org\springframework\boot\spring-boot-autoconfigure\3.3.4\spring-boot-autoconfigure-3.3.4.jar;C:\Users\TU QUANG CHUONG\.m2\repository\ch\qos\logback\logback-classic\1.5.8\logback-classic-1.5.8.jar;C:\Users\TU QUANG CHUONG\.m2\repository\ch\qos\logback\logback-core\1.5.8\logback-core-1.5.8.jar;C:\Users\TU QUANG CHUONG\.m2\repository\org\apache\logging\log4j\log4j-to-slf4j\2.23.1\log4j-to-slf4j-2.23.1.jar;C:\Users\TU QUANG CHUONG\.m2\repository\org\apache\logging\log4j\log4j-api\2.23.1\log4j-api-2.23.1.jar;C:\Users\TU QUANG CHUONG\.m2\repository\org\slf4j\jul-to-slf4j\2.0.16\jul-to-slf4j-2.0.16.jar;C:\Users\TU QUANG CHUONG\.m2\repository\jakarta\annotation\jakarta.annotation-api\2.1.1\jakarta.annotation-api-2.1.1.jar;C:\Users\TU QUANG CHUONG\.m2\repository\org\springframework\spring-core\6.1.13\spring-core-6.1.13.jar;C:\Users\TU QUANG CHUONG\.m2\repository\org\springframework\spring-jcl\6.1.13\spring-jcl-6.1.13.jar;C:\Users\TU QUANG CHUONG\.m2\repository\org\yaml\snakeyaml\2.2\snakeyaml-2.2.jar;C:\Users\TU QUANG CHUONG\.m2\repository\org\springframework\cloud\spring-cloud-starter-netflix-eureka-client\4.1.3\spring-cloud-starter-netflix-eureka-client-4.1.3.jar;C:\Users\TU QUANG CHUONG\.m2\repository\org\springframework\cloud\spring-cloud-netflix-eureka-client\4.1.3\spring-cloud-netflix-eureka-client-4.1.3.jar;C:\Users\TU QUANG CHUONG\.m2\repository\org\apache\httpcomponents\client5\httpclient5\5.3.1\httpclient5-5.3.1.jar;C:\Users\TU QUANG CHUONG\.m2\repository\org\apache\httpcomponents\core5\httpcore5\5.2.5\httpcore5-5.2.5.jar;C:\Users\TU QUANG CHUONG\.m2\repository\org\apache\httpcomponents\core5\httpcore5-h2\5.2.5\httpcore5-h2-5.2.5.jar;C:\Users\TU QUANG CHUONG\.m2\repository\com\netflix\eureka\eureka-client\2.0.3\eureka-client-2.0.3.jar;C:\Users\TU QUANG CHUONG\.m2\repository\com\thoughtworks\xstream\xstream\1.4.20\xstream-1.4.20.jar;C:\Users\TU QUANG CHUONG\.m2\repository\io\github\x-stream\mxparser\1.2.2\mxparser-1.2.2.jar;C:\Users\TU QUANG CHUONG\.m2\repository\xmlpull\xmlpull\1.1.3.1\xmlpull-1.1.3.1.jar;C:\Users\TU QUANG CHUONG\.m2\repository\jakarta\ws\rs\jakarta.ws.rs-api\3.1.0\jakarta.ws.rs-api-3.1.0.jar;C:\Users\TU QUANG CHUONG\.m2\repository\jakarta\inject\jakarta.inject-api\2.0.1\jakarta.inject-api-2.0.1.jar;C:\Users\TU QUANG CHUONG\.m2\repository\com\netflix\spectator\spectator-api\1.7.3\spectator-api-1.7.3.jar;C:\Users\TU QUANG CHUONG\.m2\repository\org\slf4j\slf4j-api\2.0.16\slf4j-api-2.0.16.jar;C:\Users\TU QUANG CHUONG\.m2\repository\org\apache\httpcomponents\httpclient\4.5.3\httpclient-4.5.3.jar;C:\Users\TU QUANG CHUONG\.m2\repository\org\apache\httpcomponents\httpcore\4.4.16\httpcore-4.4.16.jar;C:\Users\TU QUANG CHUONG\.m2\repository\commons-codec\commons-codec\1.16.1\commons-codec-1.16.1.jar;C:\Users\TU QUANG CHUONG\.m2\repository\commons-configuration\commons-configuration\1.10\commons-configuration-1.10.jar;C:\Users\TU QUANG CHUONG\.m2\repository\commons-lang\commons-lang\2.6\commons-lang-2.6.jar;C:\Users\TU QUANG CHUONG\.m2\repository\com\fasterxml\jackson\core\jackson-annotations\2.17.2\jackson-annotations-2.17.2.jar;C:\Users\TU QUANG CHUONG\.m2\repository\com\fasterxml\jackson\core\jackson-core\2.17.2\jackson-core-2.17.2.jar;C:\Users\TU QUANG CHUONG\.m2\repository\com\netflix\netflix-commons\netflix-eventbus\0.3.0\netflix-eventbus-0.3.0.jar;C:\Users\TU QUANG CHUONG\.m2\repository\com\netflix\netflix-commons\netflix-infix\0.3.0\netflix-infix-0.3.0.jar;C:\Users\TU QUANG CHUONG\.m2\repository\commons-jxpath\commons-jxpath\1.3\commons-jxpath-1.3.jar;C:\Users\TU QUANG CHUONG\.m2\repository\joda-time\joda-time\2.3\joda-time-2.3.jar;C:\Users\TU QUANG CHUONG\.m2\repository\org\antlr\antlr-runtime\3.4\antlr-runtime-3.4.jar;C:\Users\TU QUANG CHUONG\.m2\repository\org\antlr\stringtemplate\3.2.1\stringtemplate-3.2.1.jar;C:\Users\TU QUANG CHUONG\.m2\repository\antlr\antlr\2.7.7\antlr-2.7.7.jar;C:\Users\TU QUANG CHUONG\.m2\repository\com\google\code\gson\gson\2.10.1\gson-2.10.1.jar;C:\Users\TU QUANG CHUONG\.m2\repository\com\netflix\servo\servo-core\0.5.3\servo-core-0.5.3.jar;C:\Users\TU QUANG CHUONG\.m2\repository\org\apache\commons\commons-math\2.2\commons-math-2.2.jar;C:\Users\TU QUANG CHUONG\.m2\repository\javax\annotation\javax.annotation-api\1.2\javax.annotation-api-1.2.jar;C:\Users\TU QUANG CHUONG\.m2\repository\org\codehaus\jettison\jettison\1.5.4\jettison-1.5.4.jar;C:\Users\TU QUANG CHUONG\.m2\repository\com\netflix\eureka\eureka-core\2.0.3\eureka-core-2.0.3.jar;C:\Users\TU QUANG CHUONG\.m2\repository\com\fasterxml\woodstox\woodstox-core\6.2.1\woodstox-core-6.2.1.jar;C:\Users\TU QUANG CHUONG\.m2\repository\org\codehaus\woodstox\stax2-api\4.2.1\stax2-api-4.2.1.jar;C:\Users\TU QUANG CHUONG\.m2\repository\com\google\guava\guava\33.0.0-jre\guava-33.0.0-jre.jar;C:\Users\TU QUANG CHUONG\.m2\repository\com\google\guava\failureaccess\1.0.2\failureaccess-1.0.2.jar;C:\Users\TU QUANG CHUONG\.m2\repository\com\google\guava\listenablefuture\9999.0-empty-to-avoid-conflict-with-guava\listenablefuture-9999.0-empty-to-avoid-conflict-with-guava.jar;C:\Users\TU QUANG CHUONG\.m2\repository\org\checkerframework\checker-qual\3.41.0\checker-qual-3.41.0.jar;C:\Users\TU QUANG CHUONG\.m2\repository\com\google\errorprone\error_prone_annotations\2.23.0\error_prone_annotations-2.23.0.jar;C:\Users\TU QUANG CHUONG\.m2\repository\com\google\j2objc\j2objc-annotations\2.8\j2objc-annotations-2.8.jar;C:\Users\TU QUANG CHUONG\.m2\repository\org\springframework\cloud\spring-cloud-starter-loadbalancer\4.1.4\spring-cloud-starter-loadbalancer-4.1.4.jar;C:\Users\TU QUANG CHUONG\.m2\repository\org\springframework\cloud\spring-cloud-loadbalancer\4.1.4\spring-cloud-loadbalancer-4.1.4.jar;C:\Users\TU QUANG CHUONG\.m2\repository\org\springframework\spring-context-support\6.1.13\spring-context-support-6.1.13.jar;C:\Users\TU QUANG CHUONG\.m2\repository\com\stoyanr\evictor\1.0.0\evictor-1.0.0.jar;C:\Users\TU QUANG CHUONG\.m2\repository\org\springframework\security\spring-security-config\6.3.3\spring-security-config-6.3.3.jar;C:\Users\TU QUANG CHUONG\.m2\repository\org\springframework\spring-beans\6.1.13\spring-beans-6.1.13.jar;C:\Users\TU QUANG CHUONG\.m2\repository\org\springframework\security\spring-security-core\6.3.3\spring-security-core-6.3.3.jar;C:\Users\TU QUANG CHUONG\.m2\repository\org\springframework\security\spring-security-crypto\6.3.3\spring-security-crypto-6.3.3.jar;C:\Users\TU QUANG CHUONG\.m2\repository\org\springframework\spring-expression\6.1.13\spring-expression-6.1.13.jar;C:\Users\TU QUANG CHUONG\.m2\repository\org\springframework\security\spring-security-oauth2-resource-server\6.3.3\spring-security-oauth2-resource-server-6.3.3.jar;C:\Users\TU QUANG CHUONG\.m2\repository\org\springframework\security\spring-security-oauth2-core\6.3.3\spring-security-oauth2-core-6.3.3.jar;C:\Users\TU QUANG CHUONG\.m2\repository\org\springframework\security\spring-security-oauth2-jose\6.3.3\spring-security-oauth2-jose-6.3.3.jar;C:\Users\TU QUANG CHUONG\.m2\repository\com\nimbusds\nimbus-jose-jwt\9.37.3\nimbus-jose-jwt-9.37.3.jar;C:\Users\TU QUANG CHUONG\.m2\repository\com\github\stephenc\jcip\jcip-annotations\1.0-1\jcip-annotations-1.0-1.jar;C:\Users\TU QUANG CHUONG\.m2\repository\org\springframework\spring-aop\6.1.13\spring-aop-6.1.13.jar;C:\Users\TU QUANG CHUONG\.m2\repository\org\springframework\security\spring-security-web\6.3.3\spring-security-web-6.3.3.jar
Launcher Type: SUN_STANDARD

[Global flags]
     intx CICompilerCount                          = 4                                         {product} {ergonomic}
     uint ConcGCThreads                            = 2                                         {product} {ergonomic}
     uint G1ConcRefinementThreads                  = 8                                         {product} {ergonomic}
   size_t G1HeapRegionSize                         = 2097152                                   {product} {ergonomic}
    uintx GCDrainStackTargetSize                   = 64                                        {product} {ergonomic}
   size_t InitialHeapSize                          = 264241152                                 {product} {ergonomic}
   size_t MarkStackSize                            = 4194304                                   {product} {ergonomic}
   size_t MaxHeapSize                              = 4227858432                                {product} {ergonomic}
   size_t MaxNewSize                               = 2535456768                                {product} {ergonomic}
   size_t MinHeapDeltaBytes                        = 2097152                                   {product} {ergonomic}
   size_t MinHeapSize                              = 8388608                                   {product} {ergonomic}
    uintx NonNMethodCodeHeapSize                   = 4096                                   {pd product} {ergonomic}
    uintx NonProfiledCodeHeapSize                  = 0                                      {pd product} {ergonomic}
     bool ProfileInterpreter                       = false                                  {pd product} {command line}
    uintx ProfiledCodeHeapSize                     = 0                                      {pd product} {ergonomic}
   size_t SoftMaxHeapSize                          = 4227858432                             {manageable} {ergonomic}
     intx TieredStopAtLevel                        = 1                                         {product} {command line}
     bool UseCompressedOops                        = true                           {product lp64_product} {ergonomic}
     bool UseG1GC                                  = true                                      {product} {ergonomic}
     bool UseLargePagesIndividualAllocation        = false                                  {pd product} {ergonomic}

Logging:
Log output configuration:
 #0: stdout all=warning uptime,level,tags foldmultilines=false
 #1: stderr all=off uptime,level,tags foldmultilines=false

Environment Variables:
JAVA_HOME=C:\Users\TU QUANG CHUONG\.jdks\openjdk-21.0.2
PATH=C:\WINDOWS\system32;C:\WINDOWS;C:\WINDOWS\System32\Wbem;C:\WINDOWS\System32\WindowsPowerShell\v1.0\;C:\WINDOWS\System32\OpenSSH\;C:\Program Files\dotnet\;C:\Users\TU QUANG CHUONG\apache-maven-3.9.6-bin\apache-maven-3.9.6\bin;C:\Program Files\Git\cmd;C:\Program Files\TortoiseGit\bin;C:\Users\TU QUANG CHUONG\.jdks\openjdk-21.0.2\bin;C:\Users\TU QUANG CHUONG\.jdks\openjdk-21.0.2\bin;C:\Program Files\MySQL\MySQL Server 8.0\bin\;D:\gradle-8.13-bin\gradle-8.13\bin;D:\flutter_windows_3.29.3-stable\flutter\bin;C:\Program Files\nodejs;;C:\WINDOWS\system32;C:\WINDOWS;C:\WINDOWS\System32\Wbem;C:\WINDOWS\System32\WindowsPowerShell\v1.0\;C:\WINDOWS\System32\OpenSSH\;c:\Users\TU QUANG CHUONG\AppData\Local\Programs\cursor\resources\app\bin;c:\Users\TU QUANG CHUONG\AppData\Local\Programs\cursor\resources\app\bin;C:\Users\TU QUANG CHUONG\AppData\Local\Programs\Python\Python311\Scripts\;C:\Users\TU QUANG CHUONG\AppData\Local\Programs\Python\Python311\;C:\Users\TU QUANG CHUONG\AppData\Local\Microsoft\WindowsApps;C:\Program Files\Azure Data Studio\bin;C:\Users\TU QUANG CHUONG\AppData\Local\Programs\Microsoft VS Code\bin;C:\Users\TU QUANG CHUONG\AppData\Roaming\npm;C:\Users\TU QUANG CHUONG\AppData\Local\Microsoft\WinGet\Packages\Ngrok.Ngrok_Microsoft.Winget.Source_8wekyb3d8bbwe;C:\Users\TU QUANG CHUONG\AppData\Local\Programs\cursor\resources\app\bin
USERNAME=TU QUANG CHUONG
OS=Windows_NT
PROCESSOR_IDENTIFIER=Intel64 Family 6 Model 140 Stepping 2, GenuineIntel
TMP=C:\Users\TU QUANG CHUONG\AppData\Local\Temp
TEMP=C:\Users\TU QUANG CHUONG\AppData\Local\Temp




Periodic native trim disabled

---------------  S Y S T E M  ---------------

OS:
 Windows 11 , 64 bit Build 26100 (10.0.26100.7309)
OS uptime: 0 days 1:15 hours
Hyper-V role detected

CPU: total 8 (initial active 8) (4 cores per cpu, 2 threads per core) family 6 model 140 stepping 2 microcode 0x3c, cx8, cmov, fxsr, ht, mmx, 3dnowpref, sse, sse2, sse3, ssse3, sse4.1, sse4.2, popcnt, lzcnt, tsc, tscinvbit, avx, avx2, aes, erms, clmul, bmi1, bmi2, adx, avx512f, avx512dq, avx512cd, avx512bw, avx512vl, sha, fma, vzeroupper, avx512_vpopcntdq, avx512_vpclmulqdq, avx512_vaes, avx512_vnni, clflush, clflushopt, clwb, avx512_vbmi2, avx512_vbmi, hv, rdtscp, rdpid, fsrm, gfni, avx512_bitalg, f16c, cet_ibt, cet_ss, avx512_ifma
Processor Information for all 8 processors :
  Max Mhz: 2496, Current Mhz: 2496, Mhz Limit: 2496

Memory: 4k page, system-wide physical 16122M (750M free)
TotalPageFile size 41640M (AvailPageFile size 10M)
current process WorkingSet (physical memory assigned to process): 108M, peak: 228M
current process commit charge ("private bytes"): 338M, peak: 366M

vm_info: OpenJDK 64-Bit Server VM (21.0.2+13-58) for windows-amd64 JRE (21.0.2+13-58), built on 2024-01-05T18:32:24Z by "mach5one" with MS VC++ 17.1 (VS2022)

END.
